[36mINFO[0m[2023-06-27T13:03:45.682682089+02:00] Backend Server tries to start                 [36mId[0m=054bc0ef-93bb-4b75-8630-74e3823f71da
[36mINFO[0m[2023-06-27T13:03:45.682759814+02:00] Start listening on:                           [36mcommon_config.ApplicationGrpcPort: [0m=6668 [36mId[0m=ca3593b1-466b-4536-be91-5e038de178f4
[36mINFO[0m[2023-06-27T13:03:45.682977259+02:00] Success in listening on port:                 [36mcommon_config.ApplicationGrpcPort: [0m=6668 [36mId[0m=ba070b9b-5d57-4c0a-ab4c-a76247a50fd3
[36mINFO[0m[2023-06-27T13:03:45.683000604+02:00] Starting Backend gRPC Server                  [36mId[0m=b0ccffb5-4367-464c-a3bc-460cafed16cb
[37mDEBU[0m[2023-06-27T13:03:45.682724347+02:00] Incoming 'initiateGuiExecutionServerRequestForMessages'  [37mid[0m=3a20b488-3b03-4be7-b2ea-0cae5c82ffc4
[36mINFO[0m[2023-06-27T13:03:45.683067248+02:00] 'RegisterFenixTestCaseBuilderServerGrpcServicesServer' for FenixGuiBuilderProxyServer  [36mcommon_config.ApplicationGrpcPort: [0m=6668 [36mId[0m=e843ece9-b707-4c60-b1d8-14464305e68f
[37mDEBU[0m[2023-06-27T13:03:45.683343529+02:00] Starting UI server                            [37mid[0m=a4d2716f-ded1-4062-bffb-fd0c03d69ca3
[37mDEBU[0m[2023-06-27T13:03:45.78865808+02:00] Incoming - 'SendListAllAvailableTestInstructionsAndTestInstructionContainers'  [37mID[0m=b2289982-1853-419c-8265-5393f3baa6ad
[36mINFO[0m[2023-06-27T13:03:45.817175002+02:00] gRPC connection OK to FenixGuiExecutionServer  [36mgrpc_out_GuiExecutionServer.FenixGuiExecutionServerAddressToDial[0m="fenixguiexecutionserver-must-be-logged-in-nwxrrpoxea-lz.a.run.app:443" [36mID[0m=b267f74c-9fd8-4b39-8584-73d5224bc6a8
[37mDEBU[0m[2023-06-27T13:03:45.817244118+02:00] Incoming 'GenerateGCPAccessTokenForAuthorizedUser'  [37mid[0m=df375b80-449b-4b6f-96ba-1600146f8860
[37mDEBU[0m[2023-06-27T13:03:45.818039904+02:00] Local webServer Started                       [37mID[0m=689d42de-3cc0-4237-b1e9-3a6c769f65ea
[36mINFO[0m[2023-06-27T13:03:45.915904604+02:00] gRPC connection OK to FenixGuiExecutionServer  [36mFenixGuiTestCaseBuilderServerAddressToDial[0m="fenixguitestcasebuilderserver-must-be-logged-in-nwxrrpoxea-lz.a.run.app:443" [36mID[0m=d5cccdd1-a72a-4697-924a-d517816e3083
[37mDEBU[0m[2023-06-27T13:03:45.916323258+02:00] Incoming 'GenerateGCPAccessTokenForAuthorizedUser'  [37mid[0m=df375b80-449b-4b6f-96ba-1600146f8860
[37mDEBU[0m[2023-06-27T13:03:49.514347124+02:00] Trying to stop local web server               [37mID[0m=1f4e0354-2a09-4a1d-be61-67ecda781142
[37mDEBU[0m[2023-06-27T13:03:49.78757019+02:00] Outgoing 'GenerateGCPAccessTokenForAuthorizedUser'  [37mid[0m=623fffe0-ff28-42ef-b8ea-8b2875edc32f
[37mDEBU[0m[2023-06-27T13:03:49.787773192+02:00] Outgoing 'GenerateGCPAccessTokenForAuthorizedUser'  [37mid[0m=623fffe0-ff28-42ef-b8ea-8b2875edc32f
[31mERRO[0m[2023-06-27T13:03:49.873870925+02:00] Running Defer Cancel function                 [31mID[0m=797c00e1-510d-4cbe-a48b-dc63828ecd7e
[37mDEBU[0m[2023-06-27T13:03:49.873979635+02:00] Outgoing - 'SendListAllAvailableTestInstructionsAndTestInstructionContainers'  [37mID[0m=b2289982-1853-419c-8265-5393f3baa6ad
[36mINFO[0m[2023-06-27T13:03:49.998891041+02:00] gRPC connection OK to FenixGuiExecutionServer  [36mID[0m=d5cccdd1-a72a-4697-924a-d517816e3083 [36mFenixGuiTestCaseBuilderServerAddressToDial[0m="fenixguitestcasebuilderserver-must-be-logged-in-nwxrrpoxea-lz.a.run.app:443"
[37mDEBU[0m[2023-06-27T13:03:49.999234464+02:00] Incoming 'GenerateGCPAccessTokenForAuthorizedUser'  [37mid[0m=df375b80-449b-4b6f-96ba-1600146f8860
[37mDEBU[0m[2023-06-27T13:03:49.999343545+02:00] Outgoing 'GenerateGCPAccessTokenForAuthorizedUser'  [37mid[0m=623fffe0-ff28-42ef-b8ea-8b2875edc32f
[31mERRO[0m[2023-06-27T13:03:50.062999065+02:00] Running Defer Cancel function                 [31mID[0m=c5ba19bd-75ff-4366-818d-745d4d7f1a52
[36mINFO[0m[2023-06-27T13:03:50.198619266+02:00] gRPC connection OK to FenixGuiExecutionServer  [36mID[0m=d5cccdd1-a72a-4697-924a-d517816e3083 [36mFenixGuiTestCaseBuilderServerAddressToDial[0m="fenixguitestcasebuilderserver-must-be-logged-in-nwxrrpoxea-lz.a.run.app:443"
[37mDEBU[0m[2023-06-27T13:03:50.198813631+02:00] Incoming 'GenerateGCPAccessTokenForAuthorizedUser'  [37mid[0m=df375b80-449b-4b6f-96ba-1600146f8860
[37mDEBU[0m[2023-06-27T13:03:50.198888167+02:00] Outgoing 'GenerateGCPAccessTokenForAuthorizedUser'  [37mid[0m=623fffe0-ff28-42ef-b8ea-8b2875edc32f
[31mERRO[0m[2023-06-27T13:03:50.26639124+02:00] Running Defer Cancel function                 [31mID[0m=793227a3-fe75-4e69-9634-e16096038bd1
[36mINFO[0m[2023-06-27T13:03:50.378450039+02:00] gRPC connection OK to FenixGuiExecutionServer  [36mID[0m=d5cccdd1-a72a-4697-924a-d517816e3083 [36mFenixGuiTestCaseBuilderServerAddressToDial[0m="fenixguitestcasebuilderserver-must-be-logged-in-nwxrrpoxea-lz.a.run.app:443"
[37mDEBU[0m[2023-06-27T13:03:50.378659599+02:00] Incoming 'GenerateGCPAccessTokenForAuthorizedUser'  [37mid[0m=df375b80-449b-4b6f-96ba-1600146f8860
[37mDEBU[0m[2023-06-27T13:03:50.378723084+02:00] Outgoing 'GenerateGCPAccessTokenForAuthorizedUser'  [37mid[0m=623fffe0-ff28-42ef-b8ea-8b2875edc32f
[31mERRO[0m[2023-06-27T13:03:50.447961282+02:00] Running Defer Cancel function                 [31mID[0m=0ae9bacb-de78-48dc-baba-01dbe56349e0
[36mINFO[0m[2023-06-27T13:03:50.547243643+02:00] gRPC connection OK to FenixGuiExecutionServer  [36mID[0m=556f52bf-630c-44e8-b666-cd7c562bc100 [36mFenixGuiExecutionServerAddressToDial[0m="fenixguiexecutionserver-must-be-logged-in-nwxrrpoxea-lz.a.run.app:443"
[37mDEBU[0m[2023-06-27T13:03:50.547394403+02:00] Incoming 'GenerateGCPAccessTokenForAuthorizedUser'  [37mid[0m=df375b80-449b-4b6f-96ba-1600146f8860
[37mDEBU[0m[2023-06-27T13:03:50.547447989+02:00] Outgoing 'GenerateGCPAccessTokenForAuthorizedUser'  [37mid[0m=623fffe0-ff28-42ef-b8ea-8b2875edc32f
[31mERRO[0m[2023-06-27T13:03:50.606492492+02:00] Running Defer Cancel function                 [31mID[0m=66c2dcf3-0b51-417b-b402-438a60c7eb86
[36mINFO[0m[2023-06-27T13:03:50.726841134+02:00] gRPC connection OK to FenixGuiExecutionServer  [36mFenixGuiExecutionServerAddressToDial[0m="fenixguiexecutionserver-must-be-logged-in-nwxrrpoxea-lz.a.run.app:443" [36mID[0m=556f52bf-630c-44e8-b666-cd7c562bc100
[37mDEBU[0m[2023-06-27T13:03:50.727219318+02:00] Incoming 'GenerateGCPAccessTokenForAuthorizedUser'  [37mid[0m=df375b80-449b-4b6f-96ba-1600146f8860
[37mDEBU[0m[2023-06-27T13:03:50.727313182+02:00] Outgoing 'GenerateGCPAccessTokenForAuthorizedUser'  [37mid[0m=623fffe0-ff28-42ef-b8ea-8b2875edc32f
[31mERRO[0m[2023-06-27T13:03:50.788169089+02:00] Running Defer Cancel function                 [31mID[0m=66c2dcf3-0b51-417b-b402-438a60c7eb86
[36mINFO[0m[2023-06-27T13:03:50.933168021+02:00] gRPC connection OK to FenixGuiExecutionServer  [36mID[0m=556f52bf-630c-44e8-b666-cd7c562bc100 [36mFenixGuiExecutionServerAddressToDial[0m="fenixguiexecutionserver-must-be-logged-in-nwxrrpoxea-lz.a.run.app:443"
[37mDEBU[0m[2023-06-27T13:03:50.933342879+02:00] Incoming 'GenerateGCPAccessTokenForAuthorizedUser'  [37mid[0m=df375b80-449b-4b6f-96ba-1600146f8860
[37mDEBU[0m[2023-06-27T13:03:50.933413747+02:00] Outgoing 'GenerateGCPAccessTokenForAuthorizedUser'  [37mid[0m=623fffe0-ff28-42ef-b8ea-8b2875edc32f
[31mERRO[0m[2023-06-27T13:03:51.000824571+02:00] Running Defer Cancel function                 [31mID[0m=742a0ac4-8947-4a65-a944-b62401252184
[37mDEBU[0m[2023-06-27T13:04:04.859735651+02:00] 'Keep alive' message received from GuiExecutionServer  [37mID[0m=b8c4e3fc-0fe6-439d-9a23-b4954e6d9f2c [37msubscribeToMessagesStreamResponse[0m="ProtoFileVersionUsedByClient:VERSION_0_2  IsKeepAliveMessage:true"
[36mINFO[0m[2023-06-27T13:04:13.255536658+02:00] gRPC connection OK to FenixGuiExecutionServer  [36mID[0m=d5cccdd1-a72a-4697-924a-d517816e3083 [36mFenixGuiTestCaseBuilderServerAddressToDial[0m="fenixguitestcasebuilderserver-must-be-logged-in-nwxrrpoxea-lz.a.run.app:443"
[37mDEBU[0m[2023-06-27T13:04:13.255592735+02:00] Incoming 'GenerateGCPAccessTokenForAuthorizedUser'  [37mid[0m=df375b80-449b-4b6f-96ba-1600146f8860
[37mDEBU[0m[2023-06-27T13:04:13.25560835+02:00] Outgoing 'GenerateGCPAccessTokenForAuthorizedUser'  [37mid[0m=623fffe0-ff28-42ef-b8ea-8b2875edc32f
[31mERRO[0m[2023-06-27T13:04:13.367814244+02:00] Running Defer Cancel function                 [31mID[0m=8f935725-745f-4aa9-b647-335cba045b08
[37mDEBU[0m[2023-06-27T13:04:15.720162313+02:00] Incoming 'grpcOut - SendInitiateTestCaseExecution'  [37mid[0m=f5672b96-c58b-45eb-a2bb-bf399a6de9e6 [37minitiateSingleTestCaseExecutionRequestMessage[0m="UserAndApplicationRunTimeIdentification:{ApplicationRunTimeUuid:\"82b20930-0d79-4955-a85d-752c44b3bd79\"  ProtoFileVersionUsedByClient:VERSION_0_2}  TestCaseUuid:\"771ce3d1-be75-4b3d-9d31-6ac6e91646af\"  TestDataSetUuid:\"771ce3d1-be75-4b3d-9d31-6ac6e91646af\""
[36mINFO[0m[2023-06-27T13:04:15.852163988+02:00] gRPC connection OK to FenixGuiExecutionServer  [36mID[0m=556f52bf-630c-44e8-b666-cd7c562bc100 [36mFenixGuiExecutionServerAddressToDial[0m="fenixguiexecutionserver-must-be-logged-in-nwxrrpoxea-lz.a.run.app:443"
[37mDEBU[0m[2023-06-27T13:04:15.852218732+02:00] Incoming 'GenerateGCPAccessTokenForAuthorizedUser'  [37mid[0m=df375b80-449b-4b6f-96ba-1600146f8860
[37mDEBU[0m[2023-06-27T13:04:15.852241193+02:00] Outgoing 'GenerateGCPAccessTokenForAuthorizedUser'  [37mid[0m=623fffe0-ff28-42ef-b8ea-8b2875edc32f
[31mERRO[0m[2023-06-27T13:04:15.927264958+02:00] Running Defer Cancel function                 [31mID[0m=94091a94-d245-4d13-b3c5-e7d26b13f6c9
[37mDEBU[0m[2023-06-27T13:04:15.927298291+02:00] Outgoing 'grpcOut - SendInitiateTestCaseExecution'  [37mid[0m=694fa3af-8344-4fc6-8f99-5f14fa0c2765 [37minitiateSingleTestCaseExecutionResponseMessage[0m=0xc000b64560
[37mDEBU[0m[2023-06-27T13:04:15.927317863+02:00] Incoming 'RetrieveSingleTestCaseExecution'    [37mid[0m=4be0dcc6-794c-4b35-8adb-9b04f88ac712 [37mtestCaseExecutionKey[0m=f1d61b03-fa47-41da-a0cf-6babc8b9a5e41
[37mDEBU[0m[2023-06-27T13:04:15.927332298+02:00] Incoming 'grpcOut - SendGetSingleTestCaseExecution'  [37mid[0m=f7138122-9982-4db8-8288-07e2b472bd38 [37mgetSingleTestCaseExecutionRequest[0m="UserAndApplicationRunTimeIdentification:{ApplicationRunTimeUuid:\"82b20930-0d79-4955-a85d-752c44b3bd79\"  ProtoFileVersionUsedByClient:VERSION_0_2}  TestCaseExecutionKey:{TestCaseExecutionUuid:\"f1d61b03-fa47-41da-a0cf-6babc8b9a5e4\"  TestCaseExecutionVersion:1}"
[36mINFO[0m[2023-06-27T13:04:16.023485328+02:00] gRPC connection OK to FenixGuiExecutionServer  [36mID[0m=556f52bf-630c-44e8-b666-cd7c562bc100 [36mFenixGuiExecutionServerAddressToDial[0m="fenixguiexecutionserver-must-be-logged-in-nwxrrpoxea-lz.a.run.app:443"
[37mDEBU[0m[2023-06-27T13:04:16.023555429+02:00] Incoming 'GenerateGCPAccessTokenForAuthorizedUser'  [37mid[0m=df375b80-449b-4b6f-96ba-1600146f8860
[37mDEBU[0m[2023-06-27T13:04:16.023577405+02:00] Outgoing 'GenerateGCPAccessTokenForAuthorizedUser'  [37mid[0m=623fffe0-ff28-42ef-b8ea-8b2875edc32f
[31mERRO[0m[2023-06-27T13:04:16.114245016+02:00] Problem to do gRPC-call to FenixGuiExecutionServer for 'SendGetSingleTestCaseExecution'  [31mID[0m=74ba7348-cec6-43b7-b651-2d9e4400304f [31mMessage from FenixGuiExecutionServer[0m="Got some Error when retrieving TestCaseExecutionInformation from database"
[31mERRO[0m[2023-06-27T13:04:16.114298907+02:00] Running Defer Cancel function                 [31mID[0m=4a832491-51f7-4c46-8d35-ad5647f4f40d
[37mDEBU[0m[2023-06-27T13:04:16.114315742+02:00] Outgoing 'grpcOut - SendGetSingleTestCaseExecution'  [37mid[0m=269ef318-5995-447d-aee1-4bce50b5365c [37mgetSingleTestCaseExecutionResponse[0m=0xc0005ea648
[37mDEBU[0m[2023-06-27T13:04:16.114335096+02:00] Outgoing 'RetrieveSingleTestCaseExecution'    [37mid[0m=426abcf5-f18b-400f-818d-a4ae8fa73009
[37mDEBU[0m[2023-06-27T13:04:19.899013275+02:00] 'Keep alive' message received from GuiExecutionServer  [37mID[0m=b8c4e3fc-0fe6-439d-9a23-b4954e6d9f2c [37msubscribeToMessagesStreamResponse[0m="ProtoFileVersionUsedByClient:VERSION_0_2  IsKeepAliveMessage:true"
[37mDEBU[0m[2023-06-27T13:04:34.868913526+02:00] 'Keep alive' message received from GuiExecutionServer  [37mID[0m=b8c4e3fc-0fe6-439d-9a23-b4954e6d9f2c [37msubscribeToMessagesStreamResponse[0m="ProtoFileVersionUsedByClient:VERSION_0_2  IsKeepAliveMessage:true"
[37mDEBU[0m[2023-06-27T13:04:50.062473108+02:00] 'Keep alive' message received from GuiExecutionServer  [37msubscribeToMessagesStreamResponse[0m="ProtoFileVersionUsedByClient:VERSION_0_2  IsKeepAliveMessage:true" [37mID[0m=b8c4e3fc-0fe6-439d-9a23-b4954e6d9f2c
[37mDEBU[0m[2023-06-27T13:05:04.954935082+02:00] 'Keep alive' message received from GuiExecutionServer  [37mID[0m=b8c4e3fc-0fe6-439d-9a23-b4954e6d9f2c [37msubscribeToMessagesStreamResponse[0m="ProtoFileVersionUsedByClient:VERSION_0_2  IsKeepAliveMessage:true"
[37mDEBU[0m[2023-06-27T13:05:19.959832088+02:00] 'Keep alive' message received from GuiExecutionServer  [37mID[0m=b8c4e3fc-0fe6-439d-9a23-b4954e6d9f2c [37msubscribeToMessagesStreamResponse[0m="ProtoFileVersionUsedByClient:VERSION_0_2  IsKeepAliveMessage:true"
[36mINFO[0m[2023-06-27T13:05:23.990573103+02:00] Clean up and shut down servers                [36mId[0m=14dc7af0-5e46-4073-b920-8dffee7ca307
[36mINFO[0m[2023-06-27T13:05:23.990731278+02:00] Gracefully stop for: 'registerFenixUserGuiServer' 
[36mINFO[0m[2023-06-27T13:05:23.991865697+02:00] Close net.Listing                             [36mcommon_config.ApplicationGrpcPort: [0m=6668
StreamResponse[0m="ProtoFileVersionUsedByClient:VERSION_0_2  IsKeepAliveMessage:true" [37mID[0m=b8c4e3fc-0fe6-439d-9a23-b4954e6d9f2c
[37mDEBU[0m[2023-06-27T12:58:48.058942782+02:00] 'Keep alive' message received from GuiExecutionServer  [37msubscribeToMessagesStreamResponse[0m="ProtoFileVersionUsedByClient:VERSION_0_2  IsKeepAliveMessage:true" [37mID[0m=b8c4e3fc-0fe6-439d-9a23-b4954e6d9f2c
[37mDEBU[0m[2023-06-27T12:59:02.960645235+02:00] 'Keep alive' message received from GuiExecutionServer  [37msubscribeToMessagesStreamResponse[0m="ProtoFileVersionUsedByClient:VERSION_0_2  IsKeepAliveMessage:true" [37mID[0m=b8c4e3fc-0fe6-439d-9a23-b4954e6d9f2c
[37mDEBU[0m[2023-06-27T12:59:17.867789139+02:00] Server stopped sending so reconnect again in  [37mID[0m=0b5fdb7c-91aa-4dfc-b587-7b6cef83d224
[37mDEBU[0m[2023-06-27T12:59:17.868001008+02:00] Running Defer Cancel function                 [37mID[0m=19f720f0-bfe1-4b32-b605-02b094746169
[37mDEBU[0m[2023-06-27T12:59:17.868086247+02:00] Outgoing 'initiateGuiExecutionServerRequestForMessages'  [37mid[0m=23978650-fd08-4b6d-b6a4-238ac030c207
[37mDEBU[0m[2023-06-27T12:59:18.868773315+02:00] Incoming 'initiateGuiExecutionServerRequestForMessages'  [37mid[0m=3a20b488-3b03-4be7-b2ea-0cae5c82ffc4
[36mINFO[0m[2023-06-27T12:59:19.230429478+02:00] gRPC connection OK to FenixGuiExecutionServer  [36mID[0m=b267f74c-9fd8-4b39-8584-73d5224bc6a8 [36mgrpc_out_GuiExecutionServer.FenixGuiExecutionServerAddressToDial[0m="fenixguiexecutionserver-must-be-logged-in-nwxrrpoxea-lz.a.run.app:443"
[37mDEBU[0m[2023-06-27T12:59:19.230489087+02:00] Incoming 'GenerateGCPAccessTokenForAuthorizedUser'  [37mid[0m=df375b80-449b-4b6f-96ba-1600146f8860
[37mDEBU[0m[2023-06-27T12:59:19.230503351+02:00] Outgoing 'GenerateGCPAccessTokenForAuthorizedUser'  [37mid[0m=623fffe0-ff28-42ef-b8ea-8b2875edc32f
[37mDEBU[0m[2023-06-27T12:59:32.933615332+02:00] 'Keep alive' message received from GuiExecutionServer  [37mID[0m=b8c4e3fc-0fe6-439d-9a23-b4954e6d9f2c [37msubscribeToMessagesStreamResponse[0m="ProtoFileVersionUsedByClient:VERSION_0_2  IsKeepAliveMessage:true"
[37mDEBU[0m[2023-06-27T12:59:34.580768155+02:00] 'Keep alive' message received from GuiExecutionServer  [37mID[0m=b8c4e3fc-0fe6-439d-9a23-b4954e6d9f2c [37msubscribeToMessagesStreamResponse[0m="ProtoFileVersionUsedByClient:VERSION_0_2  IsKeepAliveMessage:true"
[37mDEBU[0m[2023-06-27T12:59:47.853527267+02:00] 'Keep alive' message received from GuiExecutionServer  [37mID[0m=b8c4e3fc-0fe6-439d-9a23-b4954e6d9f2c [37msubscribeToMessagesStreamResponse[0m="ProtoFileVersionUsedByClient:VERSION_0_2  IsKeepAliveMessage:true"
[37mDEBU[0m[2023-06-27T12:59:49.523425402+02:00] 'Keep alive' message received from GuiExecutionServer  [37msubscribeToMessagesStreamResponse[0m="ProtoFileVersionUsedByClient:VERSION_0_2  IsKeepAliveMessage:true" [37mID[0m=b8c4e3fc-0fe6-439d-9a23-b4954e6d9f2c
[37mDEBU[0m[2023-06-27T13:00:02.847011421+02:00] 'Keep alive' message received from GuiExecutionServer  [37mID[0m=b8c4e3fc-0fe6-439d-9a23-b4954e6d9f2c [37msubscribeToMessagesStreamResponse[0m="ProtoFileVersionUsedByClient:VERSION_0_2  IsKeepAliveMessage:true"
[37mDEBU[0m[2023-06-27T13:00:04.465960931+02:00] 'Keep alive' message received from GuiExecutionServer  [37msubscribeToMessagesStreamResponse[0m="ProtoFileVersionUsedByClient:VERSION_0_2  IsKeepAliveMessage:true" [37mID[0m=b8c4e3fc-0fe6-439d-9a23-b4954e6d9f2c
[37mDEBU[0m[2023-06-27T13:00:17.848468517+02:00] 'Keep alive' message received from GuiExecutionServer  [37mID[0m=b8c4e3fc-0fe6-439d-9a23-b4954e6d9f2c [37msubscribeToMessagesStreamResponse[0m="ProtoFileVersionUsedByClient:VERSION_0_2  IsKeepAliveMessage:true"
[37mDEBU[0m[2023-06-27T13:00:19.5112831+02:00] 'Keep alive' message received from GuiExecutionServer  [37msubscribeToMessagesStreamResponse[0m="ProtoFileVersionUsedByClient:VERSION_0_2  IsKeepAliveMessage:true" [37mID[0m=b8c4e3fc-0fe6-439d-9a23-b4954e6d9f2c
[37mDEBU[0m[2023-06-27T13:00:32.925592643+02:00] 'Keep alive' message received from GuiExecutionServer  [37msubscribeToMessagesStreamResponse[0m="ProtoFileVersionUsedByClient:VERSION_0_2  IsKeepAliveMessage:true" [37mID[0m=b8c4e3fc-0fe6-439d-9a23-b4954e6d9f2c
[37mDEBU[0m[2023-06-27T13:00:34.45351757+02:00] 'Keep alive' message received from GuiExecutionServer  [37mID[0m=b8c4e3fc-0fe6-439d-9a23-b4954e6d9f2c [37msubscribeToMessagesStreamResponse[0m="ProtoFileVersionUsedByClient:VERSION_0_2  IsKeepAliveMessage:true"
[37mDEBU[0m[2023-06-27T13:00:48.065599321+02:00] 'Keep alive' message received from GuiExecutionServer  [37mID[0m=b8c4e3fc-0fe6-439d-9a23-b4954e6d9f2c [37msubscribeToMessagesStreamResponse[0m="ProtoFileVersionUsedByClient:VERSION_0_2  IsKeepAliveMessage:true"
[37mDEBU[0m[2023-06-27T13:00:49.499670964+02:00] 'Keep alive' message received from GuiExecutionServer  [37mID[0m=b8c4e3fc-0fe6-439d-9a23-b4954e6d9f2c [37msubscribeToMessagesStreamResponse[0m="ProtoFileVersionUsedByClient:VERSION_0_2  IsKeepAliveMessage:true"
[37mDEBU[0m[2023-06-27T13:01:02.819541097+02:00] 'Keep alive' message received from GuiExecutionServer  [37msubscribeToMessagesStreamResponse[0m="ProtoFileVersionUsedByClient:VERSION_0_2  IsKeepAliveMessage:true" [37mID[0m=b8c4e3fc-0fe6-439d-9a23-b4954e6d9f2c
[37mDEBU[0m[2023-06-27T13:01:04.243178427+02:00] 'Keep alive' message received from GuiExecutionServer  [37msubscribeToMessagesStreamResponse[0m="ProtoFileVersionUsedByClient:VERSION_0_2  IsKeepAliveMessage:true" [37mID[0m=b8c4e3fc-0fe6-439d-9a23-b4954e6d9f2c
[37mDEBU[0m[2023-06-27T13:01:13.086265524+02:00] Incoming 'grpcOut - SendInitiateTestCaseExecution'  [37minitiateSingleTestCaseExecutionRequestMessage[0m="UserAndApplicationRunTimeIdentification:{ApplicationRunTimeUuid:\"36a8d3fe-9a98-468d-b035-470b8ba127f4\"  ProtoFileVersionUsedByClient:VERSION_0_2}  TestCaseUuid:\"6daa56e4-2ced-4511-8ca7-d7213274e639\"  TestDataSetUuid:\"6daa56e4-2ced-4511-8ca7-d7213274e639\"" [37mid[0m=f5672b96-c58b-45eb-a2bb-bf399a6de9e6
[36mINFO[0m[2023-06-27T13:01:13.215163635+02:00] gRPC connection OK to FenixGuiExecutionServer  [36mID[0m=556f52bf-630c-44e8-b666-cd7c562bc100 [36mFenixGuiExecutionServerAddressToDial[0m="fenixguiexecutionserver-must-be-logged-in-nwxrrpoxea-lz.a.run.app:443"
[37mDEBU[0m[2023-06-27T13:01:13.215434334+02:00] Incoming 'GenerateGCPAccessTokenForAuthorizedUser'  [37mid[0m=df375b80-449b-4b6f-96ba-1600146f8860
[37mDEBU[0m[2023-06-27T13:01:13.215475255+02:00] Outgoing 'GenerateGCPAccessTokenForAuthorizedUser'  [37mid[0m=623fffe0-ff28-42ef-b8ea-8b2875edc32f
[31mERRO[0m[2023-06-27T13:01:13.299146792+02:00] Running Defer Cancel function                 [31mID[0m=94091a94-d245-4d13-b3c5-e7d26b13f6c9
[37mDEBU[0m[2023-06-27T13:01:13.29920275+02:00] Outgoing 'grpcOut - SendInitiateTestCaseExecution'  [37mid[0m=694fa3af-8344-4fc6-8f99-5f14fa0c2765 [37minitiateSingleTestCaseExecutionResponseMessage[0m=0xc00055c018
[37mDEBU[0m[2023-06-27T13:01:13.29922802+02:00] Incoming 'RetrieveSingleTestCaseExecution'    [37mid[0m=4be0dcc6-794c-4b35-8adb-9b04f88ac712 [37mtestCaseExecutionKey[0m=90f5d78b-9d37-4312-a299-25b5ea5f5eef1
[37mDEBU[0m[2023-06-27T13:01:13.299245858+02:00] Incoming 'grpcOut - SendGetSingleTestCaseExecution'  [37mgetSingleTestCaseExecutionRequest[0m="UserAndApplicationRunTimeIdentification:{ApplicationRunTimeUuid:\"36a8d3fe-9a98-468d-b035-470b8ba127f4\"  ProtoFileVersionUsedByClient:VERSION_0_2}  TestCaseExecutionKey:{TestCaseExecutionUuid:\"90f5d78b-9d37-4312-a299-25b5ea5f5eef\"  TestCaseExecutionVersion:1}" [37mid[0m=f7138122-9982-4db8-8288-07e2b472bd38
[36mINFO[0m[2023-06-27T13:01:13.422880177+02:00] gRPC connection OK to FenixGuiExecutionServer  [36mFenixGuiExecutionServerAddressToDial[0m="fenixguiexecutionserver-must-be-logged-in-nwxrrpoxea-lz.a.run.app:443" [36mID[0m=556f52bf-630c-44e8-b666-cd7c562bc100
[37mDEBU[0m[2023-06-27T13:01:13.422939359+02:00] Incoming 'GenerateGCPAccessTokenForAuthorizedUser'  [37mid[0m=df375b80-449b-4b6f-96ba-1600146f8860
[37mDEBU[0m[2023-06-27T13:01:13.422960491+02:00] Outgoing 'GenerateGCPAccessTokenForAuthorizedUser'  [37mid[0m=623fffe0-ff28-42ef-b8ea-8b2875edc32f
[31mERRO[0m[2023-06-27T13:01:13.508210416+02:00] Problem to do gRPC-call to FenixGuiExecutionServer for 'SendGetSingleTestCaseExecution'  [31mMessage from FenixGuiExecutionServer[0m="Got some Error when retrieving TestCaseExecutionInformation from database" [31mID[0m=74ba7348-cec6-43b7-b651-2d9e4400304f
[31mERRO[0m[2023-06-27T13:01:13.508348377+02:00] Running Defer Cancel function                 [31mID[0m=4a832491-51f7-4c46-8d35-ad5647f4f40d
[37mDEBU[0m[2023-06-27T13:01:13.508469438+02:00] Outgoing 'grpcOut - SendGetSingleTestCaseExecution'  [37mid[0m=269ef318-5995-447d-aee1-4bce50b5365c [37mgetSingleTestCaseExecutionResponse[0m=0xc0000147b8
[37mDEBU[0m[2023-06-27T13:01:13.508527179+02:00] Outgoing 'RetrieveSingleTestCaseExecution'    [37mid[0m=426abcf5-f18b-400f-818d-a4ae8fa73009
[37mDEBU[0m[2023-06-27T13:01:17.996366753+02:00] 'Keep alive' message received from GuiExecutionServer  [37mID[0m=b8c4e3fc-0fe6-439d-9a23-b4954e6d9f2c [37msubscribeToMessagesStreamResponse[0m="ProtoFileVersionUsedByClient:VERSION_0_2  IsKeepAliveMessage:true"
[37mDEBU[0m[2023-06-27T13:01:19.291782396+02:00] 'Keep alive' message received from GuiExecutionServer  [37msubscribeToMessagesStreamResponse[0m="ProtoFileVersionUsedByClient:VERSION_0_2  IsKeepAliveMessage:true" [37mID[0m=b8c4e3fc-0fe6-439d-9a23-b4954e6d9f2c
[37mDEBU[0m[2023-06-27T13:01:33.003613548+02:00] 'Keep alive' message received from GuiExecutionServer  [37msubscribeToMessagesStreamResponse[0m="ProtoFileVersionUsedByClient:VERSION_0_2  IsKeepAliveMessage:true" [37mID[0m=b8c4e3fc-0fe6-439d-9a23-b4954e6d9f2c
[37mDEBU[0m[2023-06-27T13:01:34.439009423+02:00] 'Keep alive' message received from GuiExecutionServer  [37mID[0m=b8c4e3fc-0fe6-439d-9a23-b4954e6d9f2c [37msubscribeToMessagesStreamResponse[0m="ProtoFileVersionUsedByClient:VERSION_0_2  IsKeepAliveMessage:true"
[37mDEBU[0m[2023-06-27T13:01:47.966480831+02:00] 'Keep alive' message received from GuiExecutionServer  [37mID[0m=b8c4e3fc-0fe6-439d-9a23-b4954e6d9f2c [37msubscribeToMessagesStreamResponse[0m="ProtoFileVersionUsedByClient:VERSION_0_2  IsKeepAliveMessage:true"
[37mDEBU[0m[2023-06-27T13:01:49.399715442+02:00] 'Keep alive' message received from GuiExecutionServer  [37mID[0m=b8c4e3fc-0fe6-439d-9a23-b4954e6d9f2c [37msubscribeToMessagesStreamResponse[0m="ProtoFileVersionUsedByClient:VERSION_0_2  IsKeepAliveMessage:true"
[37mDEBU[0m[2023-06-27T13:02:03.221426225+02:00] 'Keep alive' message received from GuiExecutionServer  [37msubscribeToMessagesStreamResponse[0m="ProtoFileVersionUsedByClient:VERSION_0_2  IsKeepAliveMessage:true" [37mID[0m=b8c4e3fc-0fe6-439d-9a23-b4954e6d9f2c
[37mDEBU[0m[2023-06-27T13:02:04.449942997+02:00] 'Keep alive' message received from GuiExecutionServer  [37msubscribeToMessagesStreamResponse[0m="ProtoFileVersionUsedByClient:VERSION_0_2  IsKeepAliveMessage:true" [37mID[0m=b8c4e3fc-0fe6-439d-9a23-b4954e6d9f2c
[37mDEBU[0m[2023-06-27T13:02:18.276012773+02:00] 'Keep alive' message received from GuiExecutionServer  [37mID[0m=b8c4e3fc-0fe6-439d-9a23-b4954e6d9f2c [37msubscribeToMessagesStreamResponse[0m="ProtoFileVersionUsedByClient:VERSION_0_2  IsKeepAliveMessage:true"
[37mDEBU[0m[2023-06-27T13:02:19.362353685+02:00] 'Keep alive' message received from GuiExecutionServer  [37mID[0m=b8c4e3fc-0fe6-439d-9a23-b4954e6d9f2c [37msubscribeToMessagesStreamResponse[0m="ProtoFileVersionUsedByClient:VERSION_0_2  IsKeepAliveMessage:true"
[37mDEBU[0m[2023-06-27T13:02:22.252737128+02:00] Incoming 'grpcOut - SendInitiateTestCaseExecution'  [37mid[0m=f5672b96-c58b-45eb-a2bb-bf399a6de9e6 [37minitiateSingleTestCaseExecutionRequestMessage[0m="UserAndApplicationRunTimeIdentification:{ApplicationRunTimeUuid:\"36a8d3fe-9a98-468d-b035-470b8ba127f4\"  ProtoFileVersionUsedByClient:VERSION_0_2}  TestCaseUuid:\"6daa56e4-2ced-4511-8ca7-d7213274e639\"  TestDataSetUuid:\"6daa56e4-2ced-4511-8ca7-d7213274e639\""
[36mINFO[0m[2023-06-27T13:02:22.374507996+02:00] gRPC connection OK to FenixGuiExecutionServer  [36mID[0m=556f52bf-630c-44e8-b666-cd7c562bc100 [36mFenixGuiExecutionServerAddressToDial[0m="fenixguiexecutionserver-must-be-logged-in-nwxrrpoxea-lz.a.run.app:443"
[37mDEBU[0m[2023-06-27T13:02:22.374556242+02:00] Incoming 'GenerateGCPAccessTokenForAuthorizedUser'  [37mid[0m=df375b80-449b-4b6f-96ba-1600146f8860
[37mDEBU[0m[2023-06-27T13:02:22.374577435+02:00] Outgoing 'GenerateGCPAccessTokenForAuthorizedUser'  [37mid[0m=623fffe0-ff28-42ef-b8ea-8b2875edc32f
[31mERRO[0m[2023-06-27T13:02:22.445449003+02:00] Running Defer Cancel function                 [31mID[0m=94091a94-d245-4d13-b3c5-e7d26b13f6c9
[37mDEBU[0m[2023-06-27T13:02:22.445484997+02:00] Outgoing 'grpcOut - SendInitiateTestCaseExecution'  [37mid[0m=694fa3af-8344-4fc6-8f99-5f14fa0c2765 [37minitiateSingleTestCaseExecutionResponseMessage[0m=0xc00034a980
[37mDEBU[0m[2023-06-27T13:02:22.445500387+02:00] Incoming 'RetrieveSingleTestCaseExecution'    [37mtestCaseExecutionKey[0m=039b32ea-9054-4e23-b0a4-f9110629d2731 [37mid[0m=4be0dcc6-794c-4b35-8adb-9b04f88ac712
[37mDEBU[0m[2023-06-27T13:02:22.4455121+02:00] Incoming 'grpcOut - SendGetSingleTestCaseExecution'  [37mid[0m=f7138122-9982-4db8-8288-07e2b472bd38 [37mgetSingleTestCaseExecutionRequest[0m="UserAndApplicationRunTimeIdentification:{ApplicationRunTimeUuid:\"36a8d3fe-9a98-468d-b035-470b8ba127f4\"  ProtoFileVersionUsedByClient:VERSION_0_2}  TestCaseExecutionKey:{TestCaseExecutionUuid:\"039b32ea-9054-4e23-b0a4-f9110629d273\"  TestCaseExecutionVersion:1}"
[36mINFO[0m[2023-06-27T13:02:22.55495958+02:00] gRPC connection OK to FenixGuiExecutionServer  [36mFenixGuiExecutionServerAddressToDial[0m="fenixguiexecutionserver-must-be-logged-in-nwxrrpoxea-lz.a.run.app:443" [36mID[0m=556f52bf-630c-44e8-b666-cd7c562bc100
[37mDEBU[0m[2023-06-27T13:02:22.555018578+02:00] Incoming 'GenerateGCPAccessTokenForAuthorizedUser'  [37mid[0m=df375b80-449b-4b6f-96ba-1600146f8860
[37mDEBU[0m[2023-06-27T13:02:22.555032339+02:00] Outgoing 'GenerateGCPAccessTokenForAuthorizedUser'  [37mid[0m=623fffe0-ff28-42ef-b8ea-8b2875edc32f
[31mERRO[0m[2023-06-27T13:02:22.635063583+02:00] Problem to do gRPC-call to FenixGuiExecutionServer for 'SendGetSingleTestCaseExecution'  [31mMessage from FenixGuiExecutionServer[0m="Got some Error when retrieving TestCaseExecutionInformation from database" [31mID[0m=74ba7348-cec6-43b7-b651-2d9e4400304f
[31mERRO[0m[2023-06-27T13:02:22.635104419+02:00] Running Defer Cancel function                 [31mID[0m=4a832491-51f7-4c46-8d35-ad5647f4f40d
[37mDEBU[0m[2023-06-27T13:02:22.635118098+02:00] Outgoing 'grpcOut - SendGetSingleTestCaseExecution'  [37mid[0m=269ef318-5995-447d-aee1-4bce50b5365c [37mgetSingleTestCaseExecutionResponse[0m=0xc00034aa60
[37mDEBU[0m[2023-06-27T13:02:22.635133042+02:00] Outgoing 'RetrieveSingleTestCaseExecution'    [37mid[0m=426abcf5-f18b-400f-818d-a4ae8fa73009
[37mDEBU[0m[2023-06-27T13:02:33.008446175+02:00] 'Keep alive' message received from GuiExecutionServer  [37msubscribeToMessagesStreamResponse[0m="ProtoFileVersionUsedByClient:VERSION_0_2  IsKeepAliveMessage:true" [37mID[0m=b8c4e3fc-0fe6-439d-9a23-b4954e6d9f2c
[37mDEBU[0m[2023-06-27T13:02:34.460698583+02:00] 'Keep alive' message received from GuiExecutionServer  [37msubscribeToMessagesStreamResponse[0m="ProtoFileVersionUsedByClient:VERSION_0_2  IsKeepAliveMessage:true" [37mID[0m=b8c4e3fc-0fe6-439d-9a23-b4954e6d9f2c
[37mDEBU[0m[2023-06-27T13:02:48.187818119+02:00] 'Keep alive' message received from GuiExecutionServer  [37mID[0m=b8c4e3fc-0fe6-439d-9a23-b4954e6d9f2c [37msubscribeToMessagesStreamResponse[0m="ProtoFileVersionUsedByClient:VERSION_0_2  IsKeepAliveMessage:true"
[37mDEBU[0m[2023-06-27T13:02:49.363801103+02:00] 'Keep alive' message received from GuiExecutionServer  [37mID[0m=b8c4e3fc-0fe6-439d-9a23-b4954e6d9f2c [37msubscribeToMessagesStreamResponse[0m="ProtoFileVersionUsedByClient:VERSION_0_2  IsKeepAliveMessage:true"
[37mDEBU[0m[2023-06-27T13:03:03.250556685+02:00] 'Keep alive' message received from GuiExecutionServer  [37mID[0m=b8c4e3fc-0fe6-439d-9a23-b4954e6d9f2c [37msubscribeToMessagesStreamResponse[0m="ProtoFileVersionUsedByClient:VERSION_0_2  IsKeepAliveMessage:true"
[37mDEBU[0m[2023-06-27T13:03:04.361795551+02:00] 'Keep alive' message received from GuiExecutionServer  [37msubscribeToMessagesStreamResponse[0m="ProtoFileVersionUsedByClient:VERSION_0_2  IsKeepAliveMessage:true" [37mID[0m=b8c4e3fc-0fe6-439d-9a23-b4954e6d9f2c
[37mDEBU[0m[2023-06-27T13:03:17.983771509+02:00] 'Keep alive' message received from GuiExecutionServer  [37msubscribeToMessagesStreamResponse[0m="ProtoFileVersionUsedByClient:VERSION_0_2  IsKeepAliveMessage:true" [37mID[0m=b8c4e3fc-0fe6-439d-9a23-b4954e6d9f2c
[37mDEBU[0m[2023-06-27T13:03:19.387694034+02:00] 'Keep alive' message received from GuiExecutionServer  [37msubscribeToMessagesStreamResponse[0m="ProtoFileVersionUsedByClient:VERSION_0_2  IsKeepAliveMessage:true" [37mID[0m=b8c4e3fc-0fe6-439d-9a23-b4954e6d9f2c
[37mDEBU[0m[2023-06-27T13:03:33.038838675+02:00] 'Keep alive' message received from GuiExecutionServer  [37mID[0m=b8c4e3fc-0fe6-439d-9a23-b4954e6d9f2c [37msubscribeToMessagesStreamResponse[0m="ProtoFileVersionUsedByClient:VERSION_0_2  IsKeepAliveMessage:true"
[37mDEBU[0m[2023-06-27T13:03:34.365376775+02:00] 'Keep alive' message received from GuiExecutionServer  [37mID[0m=b8c4e3fc-0fe6-439d-9a23-b4954e6d9f2c [37msubscribeToMessagesStreamResponse[0m="ProtoFileVersionUsedByClient:VERSION_0_2  IsKeepAliveMessage:true"
[36mINFO[0m[2023-06-27T13:03:37.96793683+02:00] Clean up and shut down servers                [36mId[0m=14dc7af0-5e46-4073-b920-8dffee7ca307
[36mINFO[0m[2023-06-27T13:03:37.968168528+02:00] Gracefully stop for: 'registerFenixUserGuiServer' 
[36mINFO[0m[2023-06-27T13:03:37.968343663+02:00] Close net.Listing                             [36mcommon_config.ApplicationGrpcPort: [0m=6668
ProtoFileVersionUsedByClient:VERSION_0_2  IsKeepAliveMessage:true"
[37mDEBU[0m[2023-06-27T12:41:19.225347815+02:00] 'Keep alive' message received from GuiExecutionServer  [37msubscribeToMessagesStreamResponse[0m="ProtoFileVersionUsedByClient:VERSION_0_2  IsKeepAliveMessage:true" [37mID[0m=b8c4e3fc-0fe6-439d-9a23-b4954e6d9f2c
[37mDEBU[0m[2023-06-27T12:41:32.94695855+02:00] 'Keep alive' message received from GuiExecutionServer  [37mID[0m=b8c4e3fc-0fe6-439d-9a23-b4954e6d9f2c [37msubscribeToMessagesStreamResponse[0m="ProtoFileVersionUsedByClient:VERSION_0_2  IsKeepAliveMessage:true"
[37mDEBU[0m[2023-06-27T12:41:34.38021667+02:00] 'Keep alive' message received from GuiExecutionServer  [37msubscribeToMessagesStreamResponse[0m="ProtoFileVersionUsedByClient:VERSION_0_2  IsKeepAliveMessage:true" [37mID[0m=b8c4e3fc-0fe6-439d-9a23-b4954e6d9f2c
[37mDEBU[0m[2023-06-27T12:41:34.380612024+02:00] 'Keep alive' message received from GuiExecutionServer  [37msubscribeToMessagesStreamResponse[0m="ProtoFileVersionUsedByClient:VERSION_0_2  IsKeepAliveMessage:true" [37mID[0m=b8c4e3fc-0fe6-439d-9a23-b4954e6d9f2c
[37mDEBU[0m[2023-06-27T12:41:48.102869435+02:00] 'Keep alive' message received from GuiExecutionServer  [37msubscribeToMessagesStreamResponse[0m="ProtoFileVersionUsedByClient:VERSION_0_2  IsKeepAliveMessage:true" [37mID[0m=b8c4e3fc-0fe6-439d-9a23-b4954e6d9f2c
[37mDEBU[0m[2023-06-27T12:41:49.434270892+02:00] 'Keep alive' message received from GuiExecutionServer  [37mID[0m=b8c4e3fc-0fe6-439d-9a23-b4954e6d9f2c [37msubscribeToMessagesStreamResponse[0m="ProtoFileVersionUsedByClient:VERSION_0_2  IsKeepAliveMessage:true"
[37mDEBU[0m[2023-06-27T12:41:49.434424253+02:00] 'Keep alive' message received from GuiExecutionServer  [37msubscribeToMessagesStreamResponse[0m="ProtoFileVersionUsedByClient:VERSION_0_2  IsKeepAliveMessage:true" [37mID[0m=b8c4e3fc-0fe6-439d-9a23-b4954e6d9f2c
[37mDEBU[0m[2023-06-27T12:42:02.859470546+02:00] 'Keep alive' message received from GuiExecutionServer  [37msubscribeToMessagesStreamResponse[0m="ProtoFileVersionUsedByClient:VERSION_0_2  IsKeepAliveMessage:true" [37mID[0m=b8c4e3fc-0fe6-439d-9a23-b4954e6d9f2c
[31mERRO[0m[2023-06-27T12:42:04.145727343+02:00] Got some error when receiving 'subscribeToMessagesStreamResponse'-message from GuiExecutionServer, reconnect in a short time  [31mID[0m=03a06dd6-36ef-4a3f-8e8c-69cd777a6739 [31merr[0m="rpc error: code = Internal desc = server closed the stream without sending trailers"
[37mDEBU[0m[2023-06-27T12:42:04.145942006+02:00] Server stopped sending so reconnect again in  [37mID[0m=0b5fdb7c-91aa-4dfc-b587-7b6cef83d224
[37mDEBU[0m[2023-06-27T12:42:04.146008644+02:00] Running Defer Cancel function                 [37mID[0m=19f720f0-bfe1-4b32-b605-02b094746169
[37mDEBU[0m[2023-06-27T12:42:04.146100763+02:00] Outgoing 'initiateGuiExecutionServerRequestForMessages'  [37mid[0m=23978650-fd08-4b6d-b6a4-238ac030c207
[37mDEBU[0m[2023-06-27T12:42:05.146306264+02:00] Incoming 'initiateGuiExecutionServerRequestForMessages'  [37mid[0m=3a20b488-3b03-4be7-b2ea-0cae5c82ffc4
[36mINFO[0m[2023-06-27T12:42:05.329604703+02:00] gRPC connection OK to FenixGuiExecutionServer  [36mgrpc_out_GuiExecutionServer.FenixGuiExecutionServerAddressToDial[0m="fenixguiexecutionserver-must-be-logged-in-nwxrrpoxea-lz.a.run.app:443" [36mID[0m=b267f74c-9fd8-4b39-8584-73d5224bc6a8
[37mDEBU[0m[2023-06-27T12:42:05.329750762+02:00] Incoming 'GenerateGCPAccessTokenForAuthorizedUser'  [37mid[0m=df375b80-449b-4b6f-96ba-1600146f8860
[37mDEBU[0m[2023-06-27T12:42:05.329800922+02:00] Outgoing 'GenerateGCPAccessTokenForAuthorizedUser'  [37mid[0m=623fffe0-ff28-42ef-b8ea-8b2875edc32f
[37mDEBU[0m[2023-06-27T12:42:17.86460081+02:00] 'Keep alive' message received from GuiExecutionServer  [37mID[0m=b8c4e3fc-0fe6-439d-9a23-b4954e6d9f2c [37msubscribeToMessagesStreamResponse[0m="ProtoFileVersionUsedByClient:VERSION_0_2  IsKeepAliveMessage:true"
[37mDEBU[0m[2023-06-27T12:42:19.261457439+02:00] 'Keep alive' message received from GuiExecutionServer  [37mID[0m=b8c4e3fc-0fe6-439d-9a23-b4954e6d9f2c [37msubscribeToMessagesStreamResponse[0m="ProtoFileVersionUsedByClient:VERSION_0_2  IsKeepAliveMessage:true"
[37mDEBU[0m[2023-06-27T12:42:19.261721809+02:00] 'Keep alive' message received from GuiExecutionServer  [37mID[0m=b8c4e3fc-0fe6-439d-9a23-b4954e6d9f2c [37msubscribeToMessagesStreamResponse[0m="ProtoFileVersionUsedByClient:VERSION_0_2  IsKeepAliveMessage:true"
[37mDEBU[0m[2023-06-27T12:42:20.462302868+02:00] 'Keep alive' message received from GuiExecutionServer  [37mID[0m=b8c4e3fc-0fe6-439d-9a23-b4954e6d9f2c [37msubscribeToMessagesStreamResponse[0m="ProtoFileVersionUsedByClient:VERSION_0_2  IsKeepAliveMessage:true"
[37mDEBU[0m[2023-06-27T12:42:32.869483029+02:00] 'Keep alive' message received from GuiExecutionServer  [37msubscribeToMessagesStreamResponse[0m="ProtoFileVersionUsedByClient:VERSION_0_2  IsKeepAliveMessage:true" [37mID[0m=b8c4e3fc-0fe6-439d-9a23-b4954e6d9f2c
[37mDEBU[0m[2023-06-27T12:42:34.324824824+02:00] 'Keep alive' message received from GuiExecutionServer  [37mID[0m=b8c4e3fc-0fe6-439d-9a23-b4954e6d9f2c [37msubscribeToMessagesStreamResponse[0m="ProtoFileVersionUsedByClient:VERSION_0_2  IsKeepAliveMessage:true"
[37mDEBU[0m[2023-06-27T12:42:34.325055001+02:00] 'Keep alive' message received from GuiExecutionServer  [37mID[0m=b8c4e3fc-0fe6-439d-9a23-b4954e6d9f2c [37msubscribeToMessagesStreamResponse[0m="ProtoFileVersionUsedByClient:VERSION_0_2  IsKeepAliveMessage:true"
[37mDEBU[0m[2023-06-27T12:42:35.514594221+02:00] 'Keep alive' message received from GuiExecutionServer  [37msubscribeToMessagesStreamResponse[0m="ProtoFileVersionUsedByClient:VERSION_0_2  IsKeepAliveMessage:true" [37mID[0m=b8c4e3fc-0fe6-439d-9a23-b4954e6d9f2c
[37mDEBU[0m[2023-06-27T12:42:47.865706184+02:00] 'Keep alive' message received from GuiExecutionServer  [37mID[0m=b8c4e3fc-0fe6-439d-9a23-b4954e6d9f2c [37msubscribeToMessagesStreamResponse[0m="ProtoFileVersionUsedByClient:VERSION_0_2  IsKeepAliveMessage:true"
[37mDEBU[0m[2023-06-27T12:42:49.341344036+02:00] 'Keep alive' message received from GuiExecutionServer  [37mID[0m=b8c4e3fc-0fe6-439d-9a23-b4954e6d9f2c [37msubscribeToMessagesStreamResponse[0m="ProtoFileVersionUsedByClient:VERSION_0_2  IsKeepAliveMessage:true"
[37mDEBU[0m[2023-06-27T12:42:49.341850197+02:00] 'Keep alive' message received from GuiExecutionServer  [37mID[0m=b8c4e3fc-0fe6-439d-9a23-b4954e6d9f2c [37msubscribeToMessagesStreamResponse[0m="ProtoFileVersionUsedByClient:VERSION_0_2  IsKeepAliveMessage:true"
[37mDEBU[0m[2023-06-27T12:42:50.559860253+02:00] 'Keep alive' message received from GuiExecutionServer  [37mID[0m=b8c4e3fc-0fe6-439d-9a23-b4954e6d9f2c [37msubscribeToMessagesStreamResponse[0m="ProtoFileVersionUsedByClient:VERSION_0_2  IsKeepAliveMessage:true"
[37mDEBU[0m[2023-06-27T12:43:02.961656247+02:00] 'Keep alive' message received from GuiExecutionServer  [37mID[0m=b8c4e3fc-0fe6-439d-9a23-b4954e6d9f2c [37msubscribeToMessagesStreamResponse[0m="ProtoFileVersionUsedByClient:VERSION_0_2  IsKeepAliveMessage:true"
[37mDEBU[0m[2023-06-27T12:43:04.292226676+02:00] Server stopped sending so reconnect again in  [37mID[0m=0b5fdb7c-91aa-4dfc-b587-7b6cef83d224
[37mDEBU[0m[2023-06-27T12:43:04.292458186+02:00] Running Defer Cancel function                 [37mID[0m=19f720f0-bfe1-4b32-b605-02b094746169
[37mDEBU[0m[2023-06-27T12:43:04.292539662+02:00] Outgoing 'initiateGuiExecutionServerRequestForMessages'  [37mid[0m=23978650-fd08-4b6d-b6a4-238ac030c207
[37mDEBU[0m[2023-06-27T12:43:05.293331812+02:00] Incoming 'initiateGuiExecutionServerRequestForMessages'  [37mid[0m=3a20b488-3b03-4be7-b2ea-0cae5c82ffc4
[36mINFO[0m[2023-06-27T12:43:05.450753706+02:00] gRPC connection OK to FenixGuiExecutionServer  [36mID[0m=b267f74c-9fd8-4b39-8584-73d5224bc6a8 [36mgrpc_out_GuiExecutionServer.FenixGuiExecutionServerAddressToDial[0m="fenixguiexecutionserver-must-be-logged-in-nwxrrpoxea-lz.a.run.app:443"
[37mDEBU[0m[2023-06-27T12:43:05.450924542+02:00] Incoming 'GenerateGCPAccessTokenForAuthorizedUser'  [37mid[0m=df375b80-449b-4b6f-96ba-1600146f8860
[37mDEBU[0m[2023-06-27T12:43:05.451000865+02:00] Outgoing 'GenerateGCPAccessTokenForAuthorizedUser'  [37mid[0m=623fffe0-ff28-42ef-b8ea-8b2875edc32f
[37mDEBU[0m[2023-06-27T12:43:18.063745741+02:00] 'Keep alive' message received from GuiExecutionServer  [37mID[0m=b8c4e3fc-0fe6-439d-9a23-b4954e6d9f2c [37msubscribeToMessagesStreamResponse[0m="ProtoFileVersionUsedByClient:VERSION_0_2  IsKeepAliveMessage:true"
[37mDEBU[0m[2023-06-27T12:43:19.352387213+02:00] 'Keep alive' message received from GuiExecutionServer  [37mID[0m=b8c4e3fc-0fe6-439d-9a23-b4954e6d9f2c [37msubscribeToMessagesStreamResponse[0m="ProtoFileVersionUsedByClient:VERSION_0_2  IsKeepAliveMessage:true"
[37mDEBU[0m[2023-06-27T12:43:19.352627333+02:00] 'Keep alive' message received from GuiExecutionServer  [37mID[0m=b8c4e3fc-0fe6-439d-9a23-b4954e6d9f2c [37msubscribeToMessagesStreamResponse[0m="ProtoFileVersionUsedByClient:VERSION_0_2  IsKeepAliveMessage:true"
[37mDEBU[0m[2023-06-27T12:43:20.636046202+02:00] 'Keep alive' message received from GuiExecutionServer  [37mID[0m=b8c4e3fc-0fe6-439d-9a23-b4954e6d9f2c [37msubscribeToMessagesStreamResponse[0m="ProtoFileVersionUsedByClient:VERSION_0_2  IsKeepAliveMessage:true"
[37mDEBU[0m[2023-06-27T12:43:20.636304665+02:00] 'Keep alive' message received from GuiExecutionServer  [37msubscribeToMessagesStreamResponse[0m="ProtoFileVersionUsedByClient:VERSION_0_2  IsKeepAliveMessage:true" [37mID[0m=b8c4e3fc-0fe6-439d-9a23-b4954e6d9f2c
[37mDEBU[0m[2023-06-27T12:43:33.273267368+02:00] 'Keep alive' message received from GuiExecutionServer  [37msubscribeToMessagesStreamResponse[0m="ProtoFileVersionUsedByClient:VERSION_0_2  IsKeepAliveMessage:true" [37mID[0m=b8c4e3fc-0fe6-439d-9a23-b4954e6d9f2c
[37mDEBU[0m[2023-06-27T12:43:34.195873361+02:00] 'Keep alive' message received from GuiExecutionServer  [37mID[0m=b8c4e3fc-0fe6-439d-9a23-b4954e6d9f2c [37msubscribeToMessagesStreamResponse[0m="ProtoFileVersionUsedByClient:VERSION_0_2  IsKeepAliveMessage:true"
[37mDEBU[0m[2023-06-27T12:43:34.196264891+02:00] 'Keep alive' message received from GuiExecutionServer  [37mID[0m=b8c4e3fc-0fe6-439d-9a23-b4954e6d9f2c [37msubscribeToMessagesStreamResponse[0m="ProtoFileVersionUsedByClient:VERSION_0_2  IsKeepAliveMessage:true"
[37mDEBU[0m[2023-06-27T12:43:35.631271495+02:00] Server stopped sending so reconnect again in  [37mID[0m=0b5fdb7c-91aa-4dfc-b587-7b6cef83d224
[37mDEBU[0m[2023-06-27T12:43:35.631405348+02:00] Running Defer Cancel function                 [37mID[0m=19f720f0-bfe1-4b32-b605-02b094746169
[37mDEBU[0m[2023-06-27T12:43:35.631474942+02:00] Outgoing 'initiateGuiExecutionServerRequestForMessages'  [37mid[0m=23978650-fd08-4b6d-b6a4-238ac030c207
[37mDEBU[0m[2023-06-27T12:43:36.632330811+02:00] Incoming 'initiateGuiExecutionServerRequestForMessages'  [37mid[0m=3a20b488-3b03-4be7-b2ea-0cae5c82ffc4
[36mINFO[0m[2023-06-27T12:43:36.761897424+02:00] gRPC connection OK to FenixGuiExecutionServer  [36mgrpc_out_GuiExecutionServer.FenixGuiExecutionServerAddressToDial[0m="fenixguiexecutionserver-must-be-logged-in-nwxrrpoxea-lz.a.run.app:443" [36mID[0m=b267f74c-9fd8-4b39-8584-73d5224bc6a8
[37mDEBU[0m[2023-06-27T12:43:36.76213608+02:00] Incoming 'GenerateGCPAccessTokenForAuthorizedUser'  [37mid[0m=df375b80-449b-4b6f-96ba-1600146f8860
[37mDEBU[0m[2023-06-27T12:43:36.762215417+02:00] Outgoing 'GenerateGCPAccessTokenForAuthorizedUser'  [37mid[0m=623fffe0-ff28-42ef-b8ea-8b2875edc32f
[37mDEBU[0m[2023-06-27T12:43:48.121941002+02:00] 'Keep alive' message received from GuiExecutionServer  [37mID[0m=b8c4e3fc-0fe6-439d-9a23-b4954e6d9f2c [37msubscribeToMessagesStreamResponse[0m="ProtoFileVersionUsedByClient:VERSION_0_2  IsKeepAliveMessage:true"
[37mDEBU[0m[2023-06-27T12:43:49.350951351+02:00] 'Keep alive' message received from GuiExecutionServer  [37msubscribeToMessagesStreamResponse[0m="ProtoFileVersionUsedByClient:VERSION_0_2  IsKeepAliveMessage:true" [37mID[0m=b8c4e3fc-0fe6-439d-9a23-b4954e6d9f2c
[37mDEBU[0m[2023-06-27T12:43:49.351233988+02:00] 'Keep alive' message received from GuiExecutionServer  [37mID[0m=b8c4e3fc-0fe6-439d-9a23-b4954e6d9f2c [37msubscribeToMessagesStreamResponse[0m="ProtoFileVersionUsedByClient:VERSION_0_2  IsKeepAliveMessage:true"
[37mDEBU[0m[2023-06-27T12:43:50.579207787+02:00] 'Keep alive' message received from GuiExecutionServer  [37mID[0m=b8c4e3fc-0fe6-439d-9a23-b4954e6d9f2c [37msubscribeToMessagesStreamResponse[0m="ProtoFileVersionUsedByClient:VERSION_0_2  IsKeepAliveMessage:true"
[37mDEBU[0m[2023-06-27T12:43:50.57946516+02:00] 'Keep alive' message received from GuiExecutionServer  [37mID[0m=b8c4e3fc-0fe6-439d-9a23-b4954e6d9f2c [37msubscribeToMessagesStreamResponse[0m="ProtoFileVersionUsedByClient:VERSION_0_2  IsKeepAliveMessage:true"
[37mDEBU[0m[2023-06-27T12:43:52.012749877+02:00] 'Keep alive' message received from GuiExecutionServer  [37mID[0m=b8c4e3fc-0fe6-439d-9a23-b4954e6d9f2c [37msubscribeToMessagesStreamResponse[0m="ProtoFileVersionUsedByClient:VERSION_0_2  IsKeepAliveMessage:true"
[37mDEBU[0m[2023-06-27T12:44:02.881498042+02:00] 'Keep alive' message received from GuiExecutionServer  [37mID[0m=b8c4e3fc-0fe6-439d-9a23-b4954e6d9f2c [37msubscribeToMessagesStreamResponse[0m="ProtoFileVersionUsedByClient:VERSION_0_2  IsKeepAliveMessage:true"
[37mDEBU[0m[2023-06-27T12:44:04.302967463+02:00] 'Keep alive' message received from GuiExecutionServer  [37msubscribeToMessagesStreamResponse[0m="ProtoFileVersionUsedByClient:VERSION_0_2  IsKeepAliveMessage:true" [37mID[0m=b8c4e3fc-0fe6-439d-9a23-b4954e6d9f2c
[37mDEBU[0m[2023-06-27T12:44:04.303255233+02:00] 'Keep alive' message received from GuiExecutionServer  [37msubscribeToMessagesStreamResponse[0m="ProtoFileVersionUsedByClient:VERSION_0_2  IsKeepAliveMessage:true" [37mID[0m=b8c4e3fc-0fe6-439d-9a23-b4954e6d9f2c
[37mDEBU[0m[2023-06-27T12:44:05.530575459+02:00] 'Keep alive' message received from GuiExecutionServer  [37mID[0m=b8c4e3fc-0fe6-439d-9a23-b4954e6d9f2c [37msubscribeToMessagesStreamResponse[0m="ProtoFileVersionUsedByClient:VERSION_0_2  IsKeepAliveMessage:true"
[37mDEBU[0m[2023-06-27T12:44:05.530832752+02:00] 'Keep alive' message received from GuiExecutionServer  [37msubscribeToMessagesStreamResponse[0m="ProtoFileVersionUsedByClient:VERSION_0_2  IsKeepAliveMessage:true" [37mID[0m=b8c4e3fc-0fe6-439d-9a23-b4954e6d9f2c
[37mDEBU[0m[2023-06-27T12:44:06.963097404+02:00] 'Keep alive' message received from GuiExecutionServer  [37mID[0m=b8c4e3fc-0fe6-439d-9a23-b4954e6d9f2c [37msubscribeToMessagesStreamResponse[0m="ProtoFileVersionUsedByClient:VERSION_0_2  IsKeepAliveMessage:true"
[37mDEBU[0m[2023-06-27T12:44:18.229336182+02:00] 'Keep alive' message received from GuiExecutionServer  [37mID[0m=b8c4e3fc-0fe6-439d-9a23-b4954e6d9f2c [37msubscribeToMessagesStreamResponse[0m="ProtoFileVersionUsedByClient:VERSION_0_2  IsKeepAliveMessage:true"
[37mDEBU[0m[2023-06-27T12:44:19.253430266+02:00] 'Keep alive' message received from GuiExecutionServer  [37mID[0m=b8c4e3fc-0fe6-439d-9a23-b4954e6d9f2c [37msubscribeToMessagesStreamResponse[0m="ProtoFileVersionUsedByClient:VERSION_0_2  IsKeepAliveMessage:true"
[37mDEBU[0m[2023-06-27T12:44:19.253652695+02:00] 'Keep alive' message received from GuiExecutionServer  [37mID[0m=b8c4e3fc-0fe6-439d-9a23-b4954e6d9f2c [37msubscribeToMessagesStreamResponse[0m="ProtoFileVersionUsedByClient:VERSION_0_2  IsKeepAliveMessage:true"
[37mDEBU[0m[2023-06-27T12:44:20.58381013+02:00] 'Keep alive' message received from GuiExecutionServer  [37mID[0m=b8c4e3fc-0fe6-439d-9a23-b4954e6d9f2c [37msubscribeToMessagesStreamResponse[0m="ProtoFileVersionUsedByClient:VERSION_0_2  IsKeepAliveMessage:true"
[37mDEBU[0m[2023-06-27T12:44:20.584101761+02:00] 'Keep alive' message received from GuiExecutionServer  [37msubscribeToMessagesStreamResponse[0m="ProtoFileVersionUsedByClient:VERSION_0_2  IsKeepAliveMessage:true" [37mID[0m=b8c4e3fc-0fe6-439d-9a23-b4954e6d9f2c
[37mDEBU[0m[2023-06-27T12:44:22.222415147+02:00] 'Keep alive' message received from GuiExecutionServer  [37mID[0m=b8c4e3fc-0fe6-439d-9a23-b4954e6d9f2c [37msubscribeToMessagesStreamResponse[0m="ProtoFileVersionUsedByClient:VERSION_0_2  IsKeepAliveMessage:true"
[37mDEBU[0m[2023-06-27T12:44:33.282230388+02:00] 'Keep alive' message received from GuiExecutionServer  [37msubscribeToMessagesStreamResponse[0m="ProtoFileVersionUsedByClient:VERSION_0_2  IsKeepAliveMessage:true" [37mID[0m=b8c4e3fc-0fe6-439d-9a23-b4954e6d9f2c
[37mDEBU[0m[2023-06-27T12:44:34.410760663+02:00] 'Keep alive' message received from GuiExecutionServer  [37mID[0m=b8c4e3fc-0fe6-439d-9a23-b4954e6d9f2c [37msubscribeToMessagesStreamResponse[0m="ProtoFileVersionUsedByClient:VERSION_0_2  IsKeepAliveMessage:true"
[37mDEBU[0m[2023-06-27T12:44:34.41101059+02:00] 'Keep alive' message received from GuiExecutionServer  [37msubscribeToMessagesStreamResponse[0m="ProtoFileVersionUsedByClient:VERSION_0_2  IsKeepAliveMessage:true" [37mID[0m=b8c4e3fc-0fe6-439d-9a23-b4954e6d9f2c
[37mDEBU[0m[2023-06-27T12:44:35.535513939+02:00] 'Keep alive' message received from GuiExecutionServer  [37mID[0m=b8c4e3fc-0fe6-439d-9a23-b4954e6d9f2c [37msubscribeToMessagesStreamResponse[0m="ProtoFileVersionUsedByClient:VERSION_0_2  IsKeepAliveMessage:true"
[37mDEBU[0m[2023-06-27T12:44:35.53936761+02:00] 'Keep alive' message received from GuiExecutionServer  [37mID[0m=b8c4e3fc-0fe6-439d-9a23-b4954e6d9f2c [37msubscribeToMessagesStreamResponse[0m="ProtoFileVersionUsedByClient:VERSION_0_2  IsKeepAliveMessage:true"
[37mDEBU[0m[2023-06-27T12:44:36.878902792+02:00] 'Keep alive' message received from GuiExecutionServer  [37msubscribeToMessagesStreamResponse[0m="ProtoFileVersionUsedByClient:VERSION_0_2  IsKeepAliveMessage:true" [37mID[0m=b8c4e3fc-0fe6-439d-9a23-b4954e6d9f2c
[37mDEBU[0m[2023-06-27T12:44:48.130903015+02:00] 'Keep alive' message received from GuiExecutionServer  [37msubscribeToMessagesStreamResponse[0m="ProtoFileVersionUsedByClient:VERSION_0_2  IsKeepAliveMessage:true" [37mID[0m=b8c4e3fc-0fe6-439d-9a23-b4954e6d9f2c
[37mDEBU[0m[2023-06-27T12:44:49.360622927+02:00] 'Keep alive' message received from GuiExecutionServer  [37mID[0m=b8c4e3fc-0fe6-439d-9a23-b4954e6d9f2c [37msubscribeToMessagesStreamResponse[0m="ProtoFileVersionUsedByClient:VERSION_0_2  IsKeepAliveMessage:true"
[37mDEBU[0m[2023-06-27T12:44:49.360976042+02:00] 'Keep alive' message received from GuiExecutionServer  [37mID[0m=b8c4e3fc-0fe6-439d-9a23-b4954e6d9f2c [37msubscribeToMessagesStreamResponse[0m="ProtoFileVersionUsedByClient:VERSION_0_2  IsKeepAliveMessage:true"
[37mDEBU[0m[2023-06-27T12:44:50.588603093+02:00] 'Keep alive' message received from GuiExecutionServer  [37mID[0m=b8c4e3fc-0fe6-439d-9a23-b4954e6d9f2c [37msubscribeToMessagesStreamResponse[0m="ProtoFileVersionUsedByClient:VERSION_0_2  IsKeepAliveMessage:true"
[37mDEBU[0m[2023-06-27T12:44:50.588862094+02:00] 'Keep alive' message received from GuiExecutionServer  [37msubscribeToMessagesStreamResponse[0m="ProtoFileVersionUsedByClient:VERSION_0_2  IsKeepAliveMessage:true" [37mID[0m=b8c4e3fc-0fe6-439d-9a23-b4954e6d9f2c
[37mDEBU[0m[2023-06-27T12:44:51.920571594+02:00] 'Keep alive' message received from GuiExecutionServer  [37mID[0m=b8c4e3fc-0fe6-439d-9a23-b4954e6d9f2c [37msubscribeToMessagesStreamResponse[0m="ProtoFileVersionUsedByClient:VERSION_0_2  IsKeepAliveMessage:true"
[37mDEBU[0m[2023-06-27T12:45:03.121371804+02:00] 'Keep alive' message received from GuiExecutionServer  [37mID[0m=b8c4e3fc-0fe6-439d-9a23-b4954e6d9f2c [37msubscribeToMessagesStreamResponse[0m="ProtoFileVersionUsedByClient:VERSION_0_2  IsKeepAliveMessage:true"
[37mDEBU[0m[2023-06-27T12:45:04.211307421+02:00] 'Keep alive' message received from GuiExecutionServer  [37mID[0m=b8c4e3fc-0fe6-439d-9a23-b4954e6d9f2c [37msubscribeToMessagesStreamResponse[0m="ProtoFileVersionUsedByClient:VERSION_0_2  IsKeepAliveMessage:true"
[37mDEBU[0m[2023-06-27T12:45:04.211592197+02:00] 'Keep alive' message received from GuiExecutionServer  [37mID[0m=b8c4e3fc-0fe6-439d-9a23-b4954e6d9f2c [37msubscribeToMessagesStreamResponse[0m="ProtoFileVersionUsedByClient:VERSION_0_2  IsKeepAliveMessage:true"
[37mDEBU[0m[2023-06-27T12:45:05.539840485+02:00] 'Keep alive' message received from GuiExecutionServer  [37mID[0m=b8c4e3fc-0fe6-439d-9a23-b4954e6d9f2c [37msubscribeToMessagesStreamResponse[0m="ProtoFileVersionUsedByClient:VERSION_0_2  IsKeepAliveMessage:true"
[37mDEBU[0m[2023-06-27T12:45:05.54008594+02:00] 'Keep alive' message received from GuiExecutionServer  [37msubscribeToMessagesStreamResponse[0m="ProtoFileVersionUsedByClient:VERSION_0_2  IsKeepAliveMessage:true" [37mID[0m=b8c4e3fc-0fe6-439d-9a23-b4954e6d9f2c
[37mDEBU[0m[2023-06-27T12:45:07.080310133+02:00] 'Keep alive' message received from GuiExecutionServer  [37mID[0m=b8c4e3fc-0fe6-439d-9a23-b4954e6d9f2c [37msubscribeToMessagesStreamResponse[0m="ProtoFileVersionUsedByClient:VERSION_0_2  IsKeepAliveMessage:true"
[36mINFO[0m[2023-06-27T12:45:10.166229988+02:00] gRPC connection OK to FenixGuiExecutionServer  [36mID[0m=d5cccdd1-a72a-4697-924a-d517816e3083 [36mFenixGuiTestCaseBuilderServerAddressToDial[0m="fenixguitestcasebuilderserver-must-be-logged-in-nwxrrpoxea-lz.a.run.app:443"
[37mDEBU[0m[2023-06-27T12:45:10.166291676+02:00] Incoming 'GenerateGCPAccessTokenForAuthorizedUser'  [37mid[0m=df375b80-449b-4b6f-96ba-1600146f8860
[37mDEBU[0m[2023-06-27T12:45:10.16630982+02:00] Outgoing 'GenerateGCPAccessTokenForAuthorizedUser'  [37mid[0m=623fffe0-ff28-42ef-b8ea-8b2875edc32f
[31mERRO[0m[2023-06-27T12:45:10.271578048+02:00] Running Defer Cancel function                 [31mID[0m=8f935725-745f-4aa9-b647-335cba045b08
[37mDEBU[0m[2023-06-27T12:45:18.238408974+02:00] 'Keep alive' message received from GuiExecutionServer  [37msubscribeToMessagesStreamResponse[0m="ProtoFileVersionUsedByClient:VERSION_0_2  IsKeepAliveMessage:true" [37mID[0m=b8c4e3fc-0fe6-439d-9a23-b4954e6d9f2c
[37mDEBU[0m[2023-06-27T12:45:19.350942666+02:00] 'Keep alive' message received from GuiExecutionServer  [37mID[0m=b8c4e3fc-0fe6-439d-9a23-b4954e6d9f2c [37msubscribeToMessagesStreamResponse[0m="ProtoFileVersionUsedByClient:VERSION_0_2  IsKeepAliveMessage:true"
[37mDEBU[0m[2023-06-27T12:45:19.352412783+02:00] 'Keep alive' message received from GuiExecutionServer  [37mID[0m=b8c4e3fc-0fe6-439d-9a23-b4954e6d9f2c [37msubscribeToMessagesStreamResponse[0m="ProtoFileVersionUsedByClient:VERSION_0_2  IsKeepAliveMessage:true"
[37mDEBU[0m[2023-06-27T12:45:20.503637249+02:00] 'Keep alive' message received from GuiExecutionServer  [37mID[0m=b8c4e3fc-0fe6-439d-9a23-b4954e6d9f2c [37msubscribeToMessagesStreamResponse[0m="ProtoFileVersionUsedByClient:VERSION_0_2  IsKeepAliveMessage:true"
[37mDEBU[0m[2023-06-27T12:45:20.534710839+02:00] 'Keep alive' message received from GuiExecutionServer  [37msubscribeToMessagesStreamResponse[0m="ProtoFileVersionUsedByClient:VERSION_0_2  IsKeepAliveMessage:true" [37mID[0m=b8c4e3fc-0fe6-439d-9a23-b4954e6d9f2c
[37mDEBU[0m[2023-06-27T12:45:21.925282693+02:00] 'Keep alive' message received from GuiExecutionServer  [37msubscribeToMessagesStreamResponse[0m="ProtoFileVersionUsedByClient:VERSION_0_2  IsKeepAliveMessage:true" [37mID[0m=b8c4e3fc-0fe6-439d-9a23-b4954e6d9f2c
[37mDEBU[0m[2023-06-27T12:45:29.171600203+02:00] Incoming 'grpcOut - SendInitiateTestCaseExecution'  [37mid[0m=f5672b96-c58b-45eb-a2bb-bf399a6de9e6 [37minitiateSingleTestCaseExecutionRequestMessage[0m="UserAndApplicationRunTimeIdentification:{ApplicationRunTimeUuid:\"47d1cad8-93cf-4dea-bbf5-1d1460333455\"  ProtoFileVersionUsedByClient:VERSION_0_2}  TestCaseUuid:\"7b243c69-95b7-42a7-abbb-91d7a58850a1\"  TestDataSetUuid:\"7b243c69-95b7-42a7-abbb-91d7a58850a1\""
[36mINFO[0m[2023-06-27T12:45:29.298832635+02:00] gRPC connection OK to FenixGuiExecutionServer  [36mID[0m=556f52bf-630c-44e8-b666-cd7c562bc100 [36mFenixGuiExecutionServerAddressToDial[0m="fenixguiexecutionserver-must-be-logged-in-nwxrrpoxea-lz.a.run.app:443"
[37mDEBU[0m[2023-06-27T12:45:29.299067923+02:00] Incoming 'GenerateGCPAccessTokenForAuthorizedUser'  [37mid[0m=df375b80-449b-4b6f-96ba-1600146f8860
[37mDEBU[0m[2023-06-27T12:45:29.299119737+02:00] Outgoing 'GenerateGCPAccessTokenForAuthorizedUser'  [37mid[0m=623fffe0-ff28-42ef-b8ea-8b2875edc32f
[31mERRO[0m[2023-06-27T12:45:29.407698968+02:00] Running Defer Cancel function                 [31mID[0m=94091a94-d245-4d13-b3c5-e7d26b13f6c9
[37mDEBU[0m[2023-06-27T12:45:29.407737552+02:00] Outgoing 'grpcOut - SendInitiateTestCaseExecution'  [37mid[0m=694fa3af-8344-4fc6-8f99-5f14fa0c2765 [37minitiateSingleTestCaseExecutionResponseMessage[0m=0xc00062e0d0
[37mDEBU[0m[2023-06-27T12:45:29.407760286+02:00] Incoming 'RetrieveSingleTestCaseExecution'    [37mid[0m=4be0dcc6-794c-4b35-8adb-9b04f88ac712 [37mtestCaseExecutionKey[0m=4b3b3f04-31bf-436a-89a8-6b95fb3c25ae1
[37mDEBU[0m[2023-06-27T12:45:29.407776272+02:00] Incoming 'grpcOut - SendGetSingleTestCaseExecution'  [37mgetSingleTestCaseExecutionRequest[0m="UserAndApplicationRunTimeIdentification:{ApplicationRunTimeUuid:\"47d1cad8-93cf-4dea-bbf5-1d1460333455\"  ProtoFileVersionUsedByClient:VERSION_0_2}  TestCaseExecutionKey:{TestCaseExecutionUuid:\"4b3b3f04-31bf-436a-89a8-6b95fb3c25ae\"  TestCaseExecutionVersion:1}" [37mid[0m=f7138122-9982-4db8-8288-07e2b472bd38
[36mINFO[0m[2023-06-27T12:45:29.527412274+02:00] gRPC connection OK to FenixGuiExecutionServer  [36mID[0m=556f52bf-630c-44e8-b666-cd7c562bc100 [36mFenixGuiExecutionServerAddressToDial[0m="fenixguiexecutionserver-must-be-logged-in-nwxrrpoxea-lz.a.run.app:443"
[37mDEBU[0m[2023-06-27T12:45:29.527599786+02:00] Incoming 'GenerateGCPAccessTokenForAuthorizedUser'  [37mid[0m=df375b80-449b-4b6f-96ba-1600146f8860
[37mDEBU[0m[2023-06-27T12:45:29.52776197+02:00] Outgoing 'GenerateGCPAccessTokenForAuthorizedUser'  [37mid[0m=623fffe0-ff28-42ef-b8ea-8b2875edc32f
[31mERRO[0m[2023-06-27T12:45:29.601480051+02:00] Running Defer Cancel function                 [31mID[0m=4a832491-51f7-4c46-8d35-ad5647f4f40d
[37mDEBU[0m[2023-06-27T12:45:29.601604574+02:00] Outgoing 'grpcOut - SendGetSingleTestCaseExecution'  [37mid[0m=269ef318-5995-447d-aee1-4bce50b5365c [37mgetSingleTestCaseExecutionResponse[0m=0xc00062e270
[37mDEBU[0m[2023-06-27T12:45:29.601859511+02:00] Incoming ProcessFullDetailedExecutionsStatusUpdate - 'ChannelCommandFullDetailedExecutionsStatusUpdate'  [37mId[0m=5d167ac1-e44d-4300-833a-23651f92656a [37mincomingChannelCommandAndMessage.TestCaseExecutionsStatusAndTestInstructionExecutionsStatusMessage[0m="<nil>"
[37mDEBU[0m[2023-06-27T12:45:29.602105372+02:00] Outgoing 'RetrieveSingleTestCaseExecution'    [37mid[0m=426abcf5-f18b-400f-818d-a4ae8fa73009
[37mDEBU[0m[2023-06-27T12:45:29.602085895+02:00] Incoming 'processFullDetailedTestCaseExecutionsStatusUpdate'  [37mtestCaseExecutionResponse[0m="TestCaseExecutionBasicInformation:{DomainUuid:\"78a97c41-a098-4122-88d2-01ed4b6c4844\"  DomainName:\"Custody Arrangement\"  TestSuiteUuid:\"7b243c69-95b7-42a7-abbb-91d7a58850a1\"  TestSuiteExecutionUuid:\"4b3b3f04-31bf-436a-89a8-6b95fb3c25ae\"  TestCaseUuid:\"7b243c69-95b7-42a7-abbb-91d7a58850a1\"  TestCaseName:\"<New TestCase>\"  TestCaseVersion:2  TestCaseExecutionUuid:\"4b3b3f04-31bf-436a-89a8-6b95fb3c25ae\"  TestCaseExecutionVersion:1  PlacedOnTestExecutionQueueTimeStamp:{seconds:1687862729  nanos:63417000}  TestDataSetUuid:\"7b243c69-95b7-42a7-abbb-91d7a58850a1\"  ExecutionPriority:HIGH_SINGLE_TESTCASE}  TestCaseExecutionDetails:{ExecutionStatusUpdateTimeStamp:{seconds:1687862729  nanos:63417000}}" [37mid[0m=c9bb2cf2-3c1f-42a6-b078-57748ab2b6ff
[37mDEBU[0m[2023-06-27T12:45:29.602591418+02:00] Incoming 'updateTestInstructionExecutionsSummaryTable'  [37mid[0m=279ac1b9-1c69-441a-816e-d95c5a5926c0
[37mDEBU[0m[2023-06-27T12:45:29.602697012+02:00] Outgoing 'updateTestInstructionExecutionsSummaryTable'  [37mid[0m=a94931cd-117f-44ce-8e1b-792f2f3fa38c
[37mDEBU[0m[2023-06-27T12:45:29.602746699+02:00] Incoming 'updateTestCaseExecutionsSummaryTable'  [37mid[0m=5962f52e-c516-4a8c-a008-02a26ec181cc
[37mDEBU[0m[2023-06-27T12:45:29.602813373+02:00] Outgoing 'updateTestCaseExecutionsSummaryTable'  [37mid[0m=cb9e7b80-c78f-4236-a67c-8de4fced4443
[37mDEBU[0m[2023-06-27T12:45:29.602862214+02:00] Outgoing 'processFullDetailedTestCaseExecutionsStatusUpdate'  [37mid[0m=6f0f3a50-3250-426c-9431-698136e93b40
[37mDEBU[0m[2023-06-27T12:45:32.883227142+02:00] 'Keep alive' message received from GuiExecutionServer  [37mID[0m=b8c4e3fc-0fe6-439d-9a23-b4954e6d9f2c [37msubscribeToMessagesStreamResponse[0m="ProtoFileVersionUsedByClient:VERSION_0_2  IsKeepAliveMessage:true"
[37mDEBU[0m[2023-06-27T12:45:34.418385468+02:00] 'Keep alive' message received from GuiExecutionServer  [37mID[0m=b8c4e3fc-0fe6-439d-9a23-b4954e6d9f2c [37msubscribeToMessagesStreamResponse[0m="ProtoFileVersionUsedByClient:VERSION_0_2  IsKeepAliveMessage:true"
[37mDEBU[0m[2023-06-27T12:45:34.41866108+02:00] 'Keep alive' message received from GuiExecutionServer  [37mID[0m=b8c4e3fc-0fe6-439d-9a23-b4954e6d9f2c [37msubscribeToMessagesStreamResponse[0m="ProtoFileVersionUsedByClient:VERSION_0_2  IsKeepAliveMessage:true"
[37mDEBU[0m[2023-06-27T12:45:35.553704738+02:00] 'Keep alive' message received from GuiExecutionServer  [37mID[0m=b8c4e3fc-0fe6-439d-9a23-b4954e6d9f2c [37msubscribeToMessagesStreamResponse[0m="ProtoFileVersionUsedByClient:VERSION_0_2  IsKeepAliveMessage:true"
[37mDEBU[0m[2023-06-27T12:45:35.553771627+02:00] 'Keep alive' message received from GuiExecutionServer  [37msubscribeToMessagesStreamResponse[0m="ProtoFileVersionUsedByClient:VERSION_0_2  IsKeepAliveMessage:true" [37mID[0m=b8c4e3fc-0fe6-439d-9a23-b4954e6d9f2c
[37mDEBU[0m[2023-06-27T12:45:36.84518382+02:00] 'Keep alive' message received from GuiExecutionServer  [37msubscribeToMessagesStreamResponse[0m="ProtoFileVersionUsedByClient:VERSION_0_2  IsKeepAliveMessage:true" [37mID[0m=b8c4e3fc-0fe6-439d-9a23-b4954e6d9f2c
[37mDEBU[0m[2023-06-27T12:45:48.141344541+02:00] 'Keep alive' message received from GuiExecutionServer  [37mID[0m=b8c4e3fc-0fe6-439d-9a23-b4954e6d9f2c [37msubscribeToMessagesStreamResponse[0m="ProtoFileVersionUsedByClient:VERSION_0_2  IsKeepAliveMessage:true"
[37mDEBU[0m[2023-06-27T12:45:49.369954766+02:00] 'Keep alive' message received from GuiExecutionServer  [37msubscribeToMessagesStreamResponse[0m="ProtoFileVersionUsedByClient:VERSION_0_2  IsKeepAliveMessage:true" [37mID[0m=b8c4e3fc-0fe6-439d-9a23-b4954e6d9f2c
[37mDEBU[0m[2023-06-27T12:45:49.370378423+02:00] 'Keep alive' message received from GuiExecutionServer  [37msubscribeToMessagesStreamResponse[0m="ProtoFileVersionUsedByClient:VERSION_0_2  IsKeepAliveMessage:true" [37mID[0m=b8c4e3fc-0fe6-439d-9a23-b4954e6d9f2c
[37mDEBU[0m[2023-06-27T12:45:50.599038915+02:00] 'Keep alive' message received from GuiExecutionServer  [37msubscribeToMessagesStreamResponse[0m="ProtoFileVersionUsedByClient:VERSION_0_2  IsKeepAliveMessage:true" [37mID[0m=b8c4e3fc-0fe6-439d-9a23-b4954e6d9f2c
[37mDEBU[0m[2023-06-27T12:45:50.599369263+02:00] 'Keep alive' message received from GuiExecutionServer  [37msubscribeToMessagesStreamResponse[0m="ProtoFileVersionUsedByClient:VERSION_0_2  IsKeepAliveMessage:true" [37mID[0m=b8c4e3fc-0fe6-439d-9a23-b4954e6d9f2c
[37mDEBU[0m[2023-06-27T12:45:51.93038602+02:00] 'Keep alive' message received from GuiExecutionServer  [37msubscribeToMessagesStreamResponse[0m="ProtoFileVersionUsedByClient:VERSION_0_2  IsKeepAliveMessage:true" [37mID[0m=b8c4e3fc-0fe6-439d-9a23-b4954e6d9f2c
[37mDEBU[0m[2023-06-27T12:46:03.0923367+02:00] 'Keep alive' message received from GuiExecutionServer  [37mID[0m=b8c4e3fc-0fe6-439d-9a23-b4954e6d9f2c [37msubscribeToMessagesStreamResponse[0m="ProtoFileVersionUsedByClient:VERSION_0_2  IsKeepAliveMessage:true"
[37mDEBU[0m[2023-06-27T12:46:04.570915175+02:00] 'Keep alive' message received from GuiExecutionServer  [37mID[0m=b8c4e3fc-0fe6-439d-9a23-b4954e6d9f2c [37msubscribeToMessagesStreamResponse[0m="ProtoFileVersionUsedByClient:VERSION_0_2  IsKeepAliveMessage:true"
[37mDEBU[0m[2023-06-27T12:46:04.571228407+02:00] 'Keep alive' message received from GuiExecutionServer  [37mID[0m=b8c4e3fc-0fe6-439d-9a23-b4954e6d9f2c [37msubscribeToMessagesStreamResponse[0m="ProtoFileVersionUsedByClient:VERSION_0_2  IsKeepAliveMessage:true"
[37mDEBU[0m[2023-06-27T12:46:05.550133205+02:00] 'Keep alive' message received from GuiExecutionServer  [37mID[0m=b8c4e3fc-0fe6-439d-9a23-b4954e6d9f2c [37msubscribeToMessagesStreamResponse[0m="ProtoFileVersionUsedByClient:VERSION_0_2  IsKeepAliveMessage:true"
[37mDEBU[0m[2023-06-27T12:46:05.550435014+02:00] 'Keep alive' message received from GuiExecutionServer  [37msubscribeToMessagesStreamResponse[0m="ProtoFileVersionUsedByClient:VERSION_0_2  IsKeepAliveMessage:true" [37mID[0m=b8c4e3fc-0fe6-439d-9a23-b4954e6d9f2c
[37mDEBU[0m[2023-06-27T12:46:06.881224496+02:00] 'Keep alive' message received from GuiExecutionServer  [37msubscribeToMessagesStreamResponse[0m="ProtoFileVersionUsedByClient:VERSION_0_2  IsKeepAliveMessage:true" [37mID[0m=b8c4e3fc-0fe6-439d-9a23-b4954e6d9f2c
[37mDEBU[0m[2023-06-27T12:46:18.043190571+02:00] 'Keep alive' message received from GuiExecutionServer  [37msubscribeToMessagesStreamResponse[0m="ProtoFileVersionUsedByClient:VERSION_0_2  IsKeepAliveMessage:true" [37mID[0m=b8c4e3fc-0fe6-439d-9a23-b4954e6d9f2c
[37mDEBU[0m[2023-06-27T12:46:19.271974119+02:00] 'Keep alive' message received from GuiExecutionServer  [37msubscribeToMessagesStreamResponse[0m="ProtoFileVersionUsedByClient:VERSION_0_2  IsKeepAliveMessage:true" [37mID[0m=b8c4e3fc-0fe6-439d-9a23-b4954e6d9f2c
[37mDEBU[0m[2023-06-27T12:46:19.27217366+02:00] 'Keep alive' message received from GuiExecutionServer  [37mID[0m=b8c4e3fc-0fe6-439d-9a23-b4954e6d9f2c [37msubscribeToMessagesStreamResponse[0m="ProtoFileVersionUsedByClient:VERSION_0_2  IsKeepAliveMessage:true"
[37mDEBU[0m[2023-06-27T12:46:20.807712898+02:00] 'Keep alive' message received from GuiExecutionServer  [37mID[0m=b8c4e3fc-0fe6-439d-9a23-b4954e6d9f2c [37msubscribeToMessagesStreamResponse[0m="ProtoFileVersionUsedByClient:VERSION_0_2  IsKeepAliveMessage:true"
[37mDEBU[0m[2023-06-27T12:46:20.808331993+02:00] 'Keep alive' message received from GuiExecutionServer  [37mID[0m=b8c4e3fc-0fe6-439d-9a23-b4954e6d9f2c [37msubscribeToMessagesStreamResponse[0m="ProtoFileVersionUsedByClient:VERSION_0_2  IsKeepAliveMessage:true"
[37mDEBU[0m[2023-06-27T12:46:21.962838515+02:00] 'Keep alive' message received from GuiExecutionServer  [37mID[0m=b8c4e3fc-0fe6-439d-9a23-b4954e6d9f2c [37msubscribeToMessagesStreamResponse[0m="ProtoFileVersionUsedByClient:VERSION_0_2  IsKeepAliveMessage:true"
[37mDEBU[0m[2023-06-27T12:46:33.096357383+02:00] 'Keep alive' message received from GuiExecutionServer  [37msubscribeToMessagesStreamResponse[0m="ProtoFileVersionUsedByClient:VERSION_0_2  IsKeepAliveMessage:true" [37mID[0m=b8c4e3fc-0fe6-439d-9a23-b4954e6d9f2c
[37mDEBU[0m[2023-06-27T12:46:34.181345936+02:00] 'Keep alive' message received from GuiExecutionServer  [37msubscribeToMessagesStreamResponse[0m="ProtoFileVersionUsedByClient:VERSION_0_2  IsKeepAliveMessage:true" [37mID[0m=b8c4e3fc-0fe6-439d-9a23-b4954e6d9f2c
[37mDEBU[0m[2023-06-27T12:46:34.187197683+02:00] 'Keep alive' message received from GuiExecutionServer  [37msubscribeToMessagesStreamResponse[0m="ProtoFileVersionUsedByClient:VERSION_0_2  IsKeepAliveMessage:true" [37mID[0m=b8c4e3fc-0fe6-439d-9a23-b4954e6d9f2c
[37mDEBU[0m[2023-06-27T12:46:35.555125465+02:00] 'Keep alive' message received from GuiExecutionServer  [37mID[0m=b8c4e3fc-0fe6-439d-9a23-b4954e6d9f2c [37msubscribeToMessagesStreamResponse[0m="ProtoFileVersionUsedByClient:VERSION_0_2  IsKeepAliveMessage:true"
[37mDEBU[0m[2023-06-27T12:46:35.555415656+02:00] 'Keep alive' message received from GuiExecutionServer  [37mID[0m=b8c4e3fc-0fe6-439d-9a23-b4954e6d9f2c [37msubscribeToMessagesStreamResponse[0m="ProtoFileVersionUsedByClient:VERSION_0_2  IsKeepAliveMessage:true"
[37mDEBU[0m[2023-06-27T12:46:36.885968077+02:00] 'Keep alive' message received from GuiExecutionServer  [37mID[0m=b8c4e3fc-0fe6-439d-9a23-b4954e6d9f2c [37msubscribeToMessagesStreamResponse[0m="ProtoFileVersionUsedByClient:VERSION_0_2  IsKeepAliveMessage:true"
[37mDEBU[0m[2023-06-27T12:46:47.946216952+02:00] 'Keep alive' message received from GuiExecutionServer  [37mID[0m=b8c4e3fc-0fe6-439d-9a23-b4954e6d9f2c [37msubscribeToMessagesStreamResponse[0m="ProtoFileVersionUsedByClient:VERSION_0_2  IsKeepAliveMessage:true"
[37mDEBU[0m[2023-06-27T12:46:49.378176562+02:00] 'Keep alive' message received from GuiExecutionServer  [37mID[0m=b8c4e3fc-0fe6-439d-9a23-b4954e6d9f2c [37msubscribeToMessagesStreamResponse[0m="ProtoFileVersionUsedByClient:VERSION_0_2  IsKeepAliveMessage:true"
[37mDEBU[0m[2023-06-27T12:46:49.378336672+02:00] 'Keep alive' message received from GuiExecutionServer  [37msubscribeToMessagesStreamResponse[0m="ProtoFileVersionUsedByClient:VERSION_0_2  IsKeepAliveMessage:true" [37mID[0m=b8c4e3fc-0fe6-439d-9a23-b4954e6d9f2c
[37mDEBU[0m[2023-06-27T12:46:50.71256588+02:00] 'Keep alive' message received from GuiExecutionServer  [37msubscribeToMessagesStreamResponse[0m="ProtoFileVersionUsedByClient:VERSION_0_2  IsKeepAliveMessage:true" [37mID[0m=b8c4e3fc-0fe6-439d-9a23-b4954e6d9f2c
[37mDEBU[0m[2023-06-27T12:46:50.713394279+02:00] 'Keep alive' message received from GuiExecutionServer  [37mID[0m=b8c4e3fc-0fe6-439d-9a23-b4954e6d9f2c [37msubscribeToMessagesStreamResponse[0m="ProtoFileVersionUsedByClient:VERSION_0_2  IsKeepAliveMessage:true"
[37mDEBU[0m[2023-06-27T12:46:51.850270922+02:00] 'Keep alive' message received from GuiExecutionServer  [37mID[0m=b8c4e3fc-0fe6-439d-9a23-b4954e6d9f2c [37msubscribeToMessagesStreamResponse[0m="ProtoFileVersionUsedByClient:VERSION_0_2  IsKeepAliveMessage:true"
[37mDEBU[0m[2023-06-27T12:47:00.22235904+02:00] Incoming 'grpcOut - SendInitiateTestCaseExecution'  [37mid[0m=f5672b96-c58b-45eb-a2bb-bf399a6de9e6 [37minitiateSingleTestCaseExecutionRequestMessage[0m="UserAndApplicationRunTimeIdentification:{ApplicationRunTimeUuid:\"47d1cad8-93cf-4dea-bbf5-1d1460333455\"  ProtoFileVersionUsedByClient:VERSION_0_2}  TestCaseUuid:\"7b243c69-95b7-42a7-abbb-91d7a58850a1\"  TestDataSetUuid:\"7b243c69-95b7-42a7-abbb-91d7a58850a1\""
[36mINFO[0m[2023-06-27T12:47:00.330799209+02:00] gRPC connection OK to FenixGuiExecutionServer  [36mID[0m=556f52bf-630c-44e8-b666-cd7c562bc100 [36mFenixGuiExecutionServerAddressToDial[0m="fenixguiexecutionserver-must-be-logged-in-nwxrrpoxea-lz.a.run.app:443"
[37mDEBU[0m[2023-06-27T12:47:00.330853265+02:00] Incoming 'GenerateGCPAccessTokenForAuthorizedUser'  [37mid[0m=df375b80-449b-4b6f-96ba-1600146f8860
[37mDEBU[0m[2023-06-27T12:47:00.330886934+02:00] Outgoing 'GenerateGCPAccessTokenForAuthorizedUser'  [37mid[0m=623fffe0-ff28-42ef-b8ea-8b2875edc32f
[31mERRO[0m[2023-06-27T12:47:00.400193734+02:00] Running Defer Cancel function                 [31mID[0m=94091a94-d245-4d13-b3c5-e7d26b13f6c9
[37mDEBU[0m[2023-06-27T12:47:00.40023124+02:00] Outgoing 'grpcOut - SendInitiateTestCaseExecution'  [37mid[0m=694fa3af-8344-4fc6-8f99-5f14fa0c2765 [37minitiateSingleTestCaseExecutionResponseMessage[0m=0xc000014338
[37mDEBU[0m[2023-06-27T12:47:00.400248193+02:00] Incoming 'RetrieveSingleTestCaseExecution'    [37mid[0m=4be0dcc6-794c-4b35-8adb-9b04f88ac712 [37mtestCaseExecutionKey[0m=5a326dd7-9673-4caf-af91-9ca9c65938a61
[37mDEBU[0m[2023-06-27T12:47:00.400259667+02:00] Incoming 'grpcOut - SendGetSingleTestCaseExecution'  [37mid[0m=f7138122-9982-4db8-8288-07e2b472bd38 [37mgetSingleTestCaseExecutionRequest[0m="UserAndApplicationRunTimeIdentification:{ApplicationRunTimeUuid:\"47d1cad8-93cf-4dea-bbf5-1d1460333455\"  ProtoFileVersionUsedByClient:VERSION_0_2}  TestCaseExecutionKey:{TestCaseExecutionUuid:\"5a326dd7-9673-4caf-af91-9ca9c65938a6\"  TestCaseExecutionVersion:1}"
[36mINFO[0m[2023-06-27T12:47:00.536875574+02:00] gRPC connection OK to FenixGuiExecutionServer  [36mFenixGuiExecutionServerAddressToDial[0m="fenixguiexecutionserver-must-be-logged-in-nwxrrpoxea-lz.a.run.app:443" [36mID[0m=556f52bf-630c-44e8-b666-cd7c562bc100
[37mDEBU[0m[2023-06-27T12:47:00.536921861+02:00] Incoming 'GenerateGCPAccessTokenForAuthorizedUser'  [37mid[0m=df375b80-449b-4b6f-96ba-1600146f8860
[37mDEBU[0m[2023-06-27T12:47:00.536938573+02:00] Outgoing 'GenerateGCPAccessTokenForAuthorizedUser'  [37mid[0m=623fffe0-ff28-42ef-b8ea-8b2875edc32f
[31mERRO[0m[2023-06-27T12:47:00.618878923+02:00] Problem to do gRPC-call to FenixGuiExecutionServer for 'SendGetSingleTestCaseExecution'  [31mMessage from FenixGuiExecutionServer[0m="Got some Error when retrieving TestCaseExecutionInformation from database" [31mID[0m=74ba7348-cec6-43b7-b651-2d9e4400304f
[31mERRO[0m[2023-06-27T12:47:00.618922372+02:00] Running Defer Cancel function                 [31mID[0m=4a832491-51f7-4c46-8d35-ad5647f4f40d
[37mDEBU[0m[2023-06-27T12:47:00.618935705+02:00] Outgoing 'grpcOut - SendGetSingleTestCaseExecution'  [37mid[0m=269ef318-5995-447d-aee1-4bce50b5365c [37mgetSingleTestCaseExecutionResponse[0m=0xc00062e180
[37mDEBU[0m[2023-06-27T12:47:00.618948969+02:00] Outgoing 'RetrieveSingleTestCaseExecution'    [37mid[0m=426abcf5-f18b-400f-818d-a4ae8fa73009
[37mDEBU[0m[2023-06-27T12:47:03.101680089+02:00] 'Keep alive' message received from GuiExecutionServer  [37mID[0m=b8c4e3fc-0fe6-439d-9a23-b4954e6d9f2c [37msubscribeToMessagesStreamResponse[0m="ProtoFileVersionUsedByClient:VERSION_0_2  IsKeepAliveMessage:true"
[37mDEBU[0m[2023-06-27T12:47:04.534974589+02:00] 'Keep alive' message received from GuiExecutionServer  [37mID[0m=b8c4e3fc-0fe6-439d-9a23-b4954e6d9f2c [37msubscribeToMessagesStreamResponse[0m="ProtoFileVersionUsedByClient:VERSION_0_2  IsKeepAliveMessage:true"
[37mDEBU[0m[2023-06-27T12:47:04.535369938+02:00] 'Keep alive' message received from GuiExecutionServer  [37mID[0m=b8c4e3fc-0fe6-439d-9a23-b4954e6d9f2c [37msubscribeToMessagesStreamResponse[0m="ProtoFileVersionUsedByClient:VERSION_0_2  IsKeepAliveMessage:true"
[37mDEBU[0m[2023-06-27T12:47:05.559069517+02:00] 'Keep alive' message received from GuiExecutionServer  [37mID[0m=b8c4e3fc-0fe6-439d-9a23-b4954e6d9f2c [37msubscribeToMessagesStreamResponse[0m="ProtoFileVersionUsedByClient:VERSION_0_2  IsKeepAliveMessage:true"
[37mDEBU[0m[2023-06-27T12:47:05.559272839+02:00] 'Keep alive' message received from GuiExecutionServer  [37mID[0m=b8c4e3fc-0fe6-439d-9a23-b4954e6d9f2c [37msubscribeToMessagesStreamResponse[0m="ProtoFileVersionUsedByClient:VERSION_0_2  IsKeepAliveMessage:true"
[37mDEBU[0m[2023-06-27T12:47:06.853250483+02:00] 'Keep alive' message received from GuiExecutionServer  [37msubscribeToMessagesStreamResponse[0m="ProtoFileVersionUsedByClient:VERSION_0_2  IsKeepAliveMessage:true" [37mID[0m=b8c4e3fc-0fe6-439d-9a23-b4954e6d9f2c
[37mDEBU[0m[2023-06-27T12:47:17.971592298+02:00] 'Keep alive' message received from GuiExecutionServer  [37mID[0m=b8c4e3fc-0fe6-439d-9a23-b4954e6d9f2c [37msubscribeToMessagesStreamResponse[0m="ProtoFileVersionUsedByClient:VERSION_0_2  IsKeepAliveMessage:true"
[37mDEBU[0m[2023-06-27T12:47:19.481061138+02:00] 'Keep alive' message received from GuiExecutionServer  [37msubscribeToMessagesStreamResponse[0m="ProtoFileVersionUsedByClient:VERSION_0_2  IsKeepAliveMessage:true" [37mID[0m=b8c4e3fc-0fe6-439d-9a23-b4954e6d9f2c
[37mDEBU[0m[2023-06-27T12:47:19.481270835+02:00] 'Keep alive' message received from GuiExecutionServer  [37msubscribeToMessagesStreamResponse[0m="ProtoFileVersionUsedByClient:VERSION_0_2  IsKeepAliveMessage:true" [37mID[0m=b8c4e3fc-0fe6-439d-9a23-b4954e6d9f2c
[37mDEBU[0m[2023-06-27T12:47:20.510882412+02:00] 'Keep alive' message received from GuiExecutionServer  [37mID[0m=b8c4e3fc-0fe6-439d-9a23-b4954e6d9f2c [37msubscribeToMessagesStreamResponse[0m="ProtoFileVersionUsedByClient:VERSION_0_2  IsKeepAliveMessage:true"
[37mDEBU[0m[2023-06-27T12:47:20.543070843+02:00] 'Keep alive' message received from GuiExecutionServer  [37mID[0m=b8c4e3fc-0fe6-439d-9a23-b4954e6d9f2c [37msubscribeToMessagesStreamResponse[0m="ProtoFileVersionUsedByClient:VERSION_0_2  IsKeepAliveMessage:true"
[37mDEBU[0m[2023-06-27T12:47:21.944577459+02:00] 'Keep alive' message received from GuiExecutionServer  [37msubscribeToMessagesStreamResponse[0m="ProtoFileVersionUsedByClient:VERSION_0_2  IsKeepAliveMessage:true" [37mID[0m=b8c4e3fc-0fe6-439d-9a23-b4954e6d9f2c
[37mDEBU[0m[2023-06-27T12:47:32.887178419+02:00] 'Keep alive' message received from GuiExecutionServer  [37mID[0m=b8c4e3fc-0fe6-439d-9a23-b4954e6d9f2c [37msubscribeToMessagesStreamResponse[0m="ProtoFileVersionUsedByClient:VERSION_0_2  IsKeepAliveMessage:true"
[37mDEBU[0m[2023-06-27T12:47:34.232657079+02:00] 'Keep alive' message received from GuiExecutionServer  [37msubscribeToMessagesStreamResponse[0m="ProtoFileVersionUsedByClient:VERSION_0_2  IsKeepAliveMessage:true" [37mID[0m=b8c4e3fc-0fe6-439d-9a23-b4954e6d9f2c
[37mDEBU[0m[2023-06-27T12:47:34.232955831+02:00] 'Keep alive' message received from GuiExecutionServer  [37mID[0m=b8c4e3fc-0fe6-439d-9a23-b4954e6d9f2c [37msubscribeToMessagesStreamResponse[0m="ProtoFileVersionUsedByClient:VERSION_0_2  IsKeepAliveMessage:true"
[37mDEBU[0m[2023-06-27T12:47:35.611257445+02:00] 'Keep alive' message received from GuiExecutionServer  [37mID[0m=b8c4e3fc-0fe6-439d-9a23-b4954e6d9f2c [37msubscribeToMessagesStreamResponse[0m="ProtoFileVersionUsedByClient:VERSION_0_2  IsKeepAliveMessage:true"
[37mDEBU[0m[2023-06-27T12:47:35.611571664+02:00] 'Keep alive' message received from GuiExecutionServer  [37mID[0m=b8c4e3fc-0fe6-439d-9a23-b4954e6d9f2c [37msubscribeToMessagesStreamResponse[0m="ProtoFileVersionUsedByClient:VERSION_0_2  IsKeepAliveMessage:true"
[37mDEBU[0m[2023-06-27T12:47:36.897296896+02:00] 'Keep alive' message received from GuiExecutionServer  [37mID[0m=b8c4e3fc-0fe6-439d-9a23-b4954e6d9f2c [37msubscribeToMessagesStreamResponse[0m="ProtoFileVersionUsedByClient:VERSION_0_2  IsKeepAliveMessage:true"
[37mDEBU[0m[2023-06-27T12:47:48.159587651+02:00] 'Keep alive' message received from GuiExecutionServer  [37mID[0m=b8c4e3fc-0fe6-439d-9a23-b4954e6d9f2c [37msubscribeToMessagesStreamResponse[0m="ProtoFileVersionUsedByClient:VERSION_0_2  IsKeepAliveMessage:true"
[37mDEBU[0m[2023-06-27T12:47:49.388546321+02:00] 'Keep alive' message received from GuiExecutionServer  [37mID[0m=b8c4e3fc-0fe6-439d-9a23-b4954e6d9f2c [37msubscribeToMessagesStreamResponse[0m="ProtoFileVersionUsedByClient:VERSION_0_2  IsKeepAliveMessage:true"
[37mDEBU[0m[2023-06-27T12:47:49.388672779+02:00] 'Keep alive' message received from GuiExecutionServer  [37mID[0m=b8c4e3fc-0fe6-439d-9a23-b4954e6d9f2c [37msubscribeToMessagesStreamResponse[0m="ProtoFileVersionUsedByClient:VERSION_0_2  IsKeepAliveMessage:true"
[37mDEBU[0m[2023-06-27T12:47:50.617997175+02:00] 'Keep alive' message received from GuiExecutionServer  [37msubscribeToMessagesStreamResponse[0m="ProtoFileVersionUsedByClient:VERSION_0_2  IsKeepAliveMessage:true" [37mID[0m=b8c4e3fc-0fe6-439d-9a23-b4954e6d9f2c
[37mDEBU[0m[2023-06-27T12:47:50.618382083+02:00] 'Keep alive' message received from GuiExecutionServer  [37mID[0m=b8c4e3fc-0fe6-439d-9a23-b4954e6d9f2c [37msubscribeToMessagesStreamResponse[0m="ProtoFileVersionUsedByClient:VERSION_0_2  IsKeepAliveMessage:true"
[37mDEBU[0m[2023-06-27T12:47:51.948578229+02:00] 'Keep alive' message received from GuiExecutionServer  [37mID[0m=b8c4e3fc-0fe6-439d-9a23-b4954e6d9f2c [37msubscribeToMessagesStreamResponse[0m="ProtoFileVersionUsedByClient:VERSION_0_2  IsKeepAliveMessage:true"
[37mDEBU[0m[2023-06-27T12:48:03.012124724+02:00] 'Keep alive' message received from GuiExecutionServer  [37mID[0m=b8c4e3fc-0fe6-439d-9a23-b4954e6d9f2c [37msubscribeToMessagesStreamResponse[0m="ProtoFileVersionUsedByClient:VERSION_0_2  IsKeepAliveMessage:true"
[37mDEBU[0m[2023-06-27T12:48:04.188323091+02:00] 'Keep alive' message received from GuiExecutionServer  [37mID[0m=b8c4e3fc-0fe6-439d-9a23-b4954e6d9f2c [37msubscribeToMessagesStreamResponse[0m="ProtoFileVersionUsedByClient:VERSION_0_2  IsKeepAliveMessage:true"
[37mDEBU[0m[2023-06-27T12:48:04.19322061+02:00] 'Keep alive' message received from GuiExecutionServer  [37mID[0m=b8c4e3fc-0fe6-439d-9a23-b4954e6d9f2c [37msubscribeToMessagesStreamResponse[0m="ProtoFileVersionUsedByClient:VERSION_0_2  IsKeepAliveMessage:true"
[37mDEBU[0m[2023-06-27T12:48:05.570506718+02:00] 'Keep alive' message received from GuiExecutionServer  [37mID[0m=b8c4e3fc-0fe6-439d-9a23-b4954e6d9f2c [37msubscribeToMessagesStreamResponse[0m="ProtoFileVersionUsedByClient:VERSION_0_2  IsKeepAliveMessage:true"
[37mDEBU[0m[2023-06-27T12:48:05.570837329+02:00] 'Keep alive' message received from GuiExecutionServer  [37mID[0m=b8c4e3fc-0fe6-439d-9a23-b4954e6d9f2c [37msubscribeToMessagesStreamResponse[0m="ProtoFileVersionUsedByClient:VERSION_0_2  IsKeepAliveMessage:true"
[37mDEBU[0m[2023-06-27T12:48:07.00255258+02:00] 'Keep alive' message received from GuiExecutionServer  [37mID[0m=b8c4e3fc-0fe6-439d-9a23-b4954e6d9f2c [37msubscribeToMessagesStreamResponse[0m="ProtoFileVersionUsedByClient:VERSION_0_2  IsKeepAliveMessage:true"
[37mDEBU[0m[2023-06-27T12:48:18.267036394+02:00] 'Keep alive' message received from GuiExecutionServer  [37mID[0m=b8c4e3fc-0fe6-439d-9a23-b4954e6d9f2c [37msubscribeToMessagesStreamResponse[0m="ProtoFileVersionUsedByClient:VERSION_0_2  IsKeepAliveMessage:true"
[37mDEBU[0m[2023-06-27T12:48:19.496175521+02:00] 'Keep alive' message received from GuiExecutionServer  [37mID[0m=b8c4e3fc-0fe6-439d-9a23-b4954e6d9f2c [37msubscribeToMessagesStreamResponse[0m="ProtoFileVersionUsedByClient:VERSION_0_2  IsKeepAliveMessage:true"
[37mDEBU[0m[2023-06-27T12:48:19.496370577+02:00] 'Keep alive' message received from GuiExecutionServer  [37msubscribeToMessagesStreamResponse[0m="ProtoFileVersionUsedByClient:VERSION_0_2  IsKeepAliveMessage:true" [37mID[0m=b8c4e3fc-0fe6-439d-9a23-b4954e6d9f2c
[37mDEBU[0m[2023-06-27T12:48:20.51959823+02:00] 'Keep alive' message received from GuiExecutionServer  [37msubscribeToMessagesStreamResponse[0m="ProtoFileVersionUsedByClient:VERSION_0_2  IsKeepAliveMessage:true" [37mID[0m=b8c4e3fc-0fe6-439d-9a23-b4954e6d9f2c
[37mDEBU[0m[2023-06-27T12:48:20.547133343+02:00] 'Keep alive' message received from GuiExecutionServer  [37mID[0m=b8c4e3fc-0fe6-439d-9a23-b4954e6d9f2c [37msubscribeToMessagesStreamResponse[0m="ProtoFileVersionUsedByClient:VERSION_0_2  IsKeepAliveMessage:true"
[37mDEBU[0m[2023-06-27T12:48:21.911464234+02:00] 'Keep alive' message received from GuiExecutionServer  [37mID[0m=b8c4e3fc-0fe6-439d-9a23-b4954e6d9f2c [37msubscribeToMessagesStreamResponse[0m="ProtoFileVersionUsedByClient:VERSION_0_2  IsKeepAliveMessage:true"
[37mDEBU[0m[2023-06-27T12:48:33.116917252+02:00] 'Keep alive' message received from GuiExecutionServer  [37mID[0m=b8c4e3fc-0fe6-439d-9a23-b4954e6d9f2c [37msubscribeToMessagesStreamResponse[0m="ProtoFileVersionUsedByClient:VERSION_0_2  IsKeepAliveMessage:true"
[37mDEBU[0m[2023-06-27T12:48:34.344326146+02:00] 'Keep alive' message received from GuiExecutionServer  [37mID[0m=b8c4e3fc-0fe6-439d-9a23-b4954e6d9f2c [37msubscribeToMessagesStreamResponse[0m="ProtoFileVersionUsedByClient:VERSION_0_2  IsKeepAliveMessage:true"
[37mDEBU[0m[2023-06-27T12:48:34.344850184+02:00] 'Keep alive' message received from GuiExecutionServer  [37msubscribeToMessagesStreamResponse[0m="ProtoFileVersionUsedByClient:VERSION_0_2  IsKeepAliveMessage:true" [37mID[0m=b8c4e3fc-0fe6-439d-9a23-b4954e6d9f2c
[37mDEBU[0m[2023-06-27T12:48:35.675730358+02:00] 'Keep alive' message received from GuiExecutionServer  [37msubscribeToMessagesStreamResponse[0m="ProtoFileVersionUsedByClient:VERSION_0_2  IsKeepAliveMessage:true" [37mID[0m=b8c4e3fc-0fe6-439d-9a23-b4954e6d9f2c
[37mDEBU[0m[2023-06-27T12:48:35.676124814+02:00] 'Keep alive' message received from GuiExecutionServer  [37mID[0m=b8c4e3fc-0fe6-439d-9a23-b4954e6d9f2c [37msubscribeToMessagesStreamResponse[0m="ProtoFileVersionUsedByClient:VERSION_0_2  IsKeepAliveMessage:true"
[31mERRO[0m[2023-06-27T12:48:37.051218914+02:00] Got some error when receiving 'subscribeToMessagesStreamResponse'-message from GuiExecutionServer, reconnect in a short time  [31merr[0m="rpc error: code = Internal desc = server closed the stream without sending trailers" [31mID[0m=03a06dd6-36ef-4a3f-8e8c-69cd777a6739
[37mDEBU[0m[2023-06-27T12:48:37.051454087+02:00] Server stopped sending so reconnect again in  [37mID[0m=0b5fdb7c-91aa-4dfc-b587-7b6cef83d224
[37mDEBU[0m[2023-06-27T12:48:37.051529595+02:00] Running Defer Cancel function                 [37mID[0m=19f720f0-bfe1-4b32-b605-02b094746169
[37mDEBU[0m[2023-06-27T12:48:37.051580599+02:00] Outgoing 'initiateGuiExecutionServerRequestForMessages'  [37mid[0m=23978650-fd08-4b6d-b6a4-238ac030c207
[37mDEBU[0m[2023-06-27T12:48:38.051725215+02:00] Incoming 'initiateGuiExecutionServerRequestForMessages'  [37mid[0m=3a20b488-3b03-4be7-b2ea-0cae5c82ffc4
[36mINFO[0m[2023-06-27T12:48:38.355310495+02:00] gRPC connection OK to FenixGuiExecutionServer  [36mID[0m=b267f74c-9fd8-4b39-8584-73d5224bc6a8 [36mgrpc_out_GuiExecutionServer.FenixGuiExecutionServerAddressToDial[0m="fenixguiexecutionserver-must-be-logged-in-nwxrrpoxea-lz.a.run.app:443"
[37mDEBU[0m[2023-06-27T12:48:38.355444138+02:00] Incoming 'GenerateGCPAccessTokenForAuthorizedUser'  [37mid[0m=df375b80-449b-4b6f-96ba-1600146f8860
[37mDEBU[0m[2023-06-27T12:48:38.355518423+02:00] Outgoing 'GenerateGCPAccessTokenForAuthorizedUser'  [37mid[0m=623fffe0-ff28-42ef-b8ea-8b2875edc32f
[37mDEBU[0m[2023-06-27T12:48:47.963475171+02:00] 'Keep alive' message received from GuiExecutionServer  [37mID[0m=b8c4e3fc-0fe6-439d-9a23-b4954e6d9f2c [37msubscribeToMessagesStreamResponse[0m="ProtoFileVersionUsedByClient:VERSION_0_2  IsKeepAliveMessage:true"
[37mDEBU[0m[2023-06-27T12:48:49.399115727+02:00] 'Keep alive' message received from GuiExecutionServer  [37msubscribeToMessagesStreamResponse[0m="ProtoFileVersionUsedByClient:VERSION_0_2  IsKeepAliveMessage:true" [37mID[0m=b8c4e3fc-0fe6-439d-9a23-b4954e6d9f2c
[37mDEBU[0m[2023-06-27T12:48:49.399429993+02:00] 'Keep alive' message received from GuiExecutionServer  [37mID[0m=b8c4e3fc-0fe6-439d-9a23-b4954e6d9f2c [37msubscribeToMessagesStreamResponse[0m="ProtoFileVersionUsedByClient:VERSION_0_2  IsKeepAliveMessage:true"
[37mDEBU[0m[2023-06-27T12:48:50.525468412+02:00] 'Keep alive' message received from GuiExecutionServer  [37mID[0m=b8c4e3fc-0fe6-439d-9a23-b4954e6d9f2c [37msubscribeToMessagesStreamResponse[0m="ProtoFileVersionUsedByClient:VERSION_0_2  IsKeepAliveMessage:true"
[37mDEBU[0m[2023-06-27T12:48:50.551376387+02:00] 'Keep alive' message received from GuiExecutionServer  [37msubscribeToMessagesStreamResponse[0m="ProtoFileVersionUsedByClient:VERSION_0_2  IsKeepAliveMessage:true" [37mID[0m=b8c4e3fc-0fe6-439d-9a23-b4954e6d9f2c
[37mDEBU[0m[2023-06-27T12:48:52.061619841+02:00] 'Keep alive' message received from GuiExecutionServer  [37msubscribeToMessagesStreamResponse[0m="ProtoFileVersionUsedByClient:VERSION_0_2  IsKeepAliveMessage:true" [37mID[0m=b8c4e3fc-0fe6-439d-9a23-b4954e6d9f2c
[37mDEBU[0m[2023-06-27T12:48:53.597417653+02:00] 'Keep alive' message received from GuiExecutionServer  [37msubscribeToMessagesStreamResponse[0m="ProtoFileVersionUsedByClient:VERSION_0_2  IsKeepAliveMessage:true" [37mID[0m=b8c4e3fc-0fe6-439d-9a23-b4954e6d9f2c
[37mDEBU[0m[2023-06-27T12:49:02.915454878+02:00] 'Keep alive' message received from GuiExecutionServer  [37mID[0m=b8c4e3fc-0fe6-439d-9a23-b4954e6d9f2c [37msubscribeToMessagesStreamResponse[0m="ProtoFileVersionUsedByClient:VERSION_0_2  IsKeepAliveMessage:true"
[37mDEBU[0m[2023-06-27T12:49:04.554085991+02:00] 'Keep alive' message received from GuiExecutionServer  [37mID[0m=b8c4e3fc-0fe6-439d-9a23-b4954e6d9f2c [37msubscribeToMessagesStreamResponse[0m="ProtoFileVersionUsedByClient:VERSION_0_2  IsKeepAliveMessage:true"
[37mDEBU[0m[2023-06-27T12:49:04.554562528+02:00] 'Keep alive' message received from GuiExecutionServer  [37mID[0m=b8c4e3fc-0fe6-439d-9a23-b4954e6d9f2c [37msubscribeToMessagesStreamResponse[0m="ProtoFileVersionUsedByClient:VERSION_0_2  IsKeepAliveMessage:true"
[37mDEBU[0m[2023-06-27T12:49:05.547172744+02:00] 'Keep alive' message received from GuiExecutionServer  [37mID[0m=b8c4e3fc-0fe6-439d-9a23-b4954e6d9f2c [37msubscribeToMessagesStreamResponse[0m="ProtoFileVersionUsedByClient:VERSION_0_2  IsKeepAliveMessage:true"
[37mDEBU[0m[2023-06-27T12:49:05.563072808+02:00] 'Keep alive' message received from GuiExecutionServer  [37msubscribeToMessagesStreamResponse[0m="ProtoFileVersionUsedByClient:VERSION_0_2  IsKeepAliveMessage:true" [37mID[0m=b8c4e3fc-0fe6-439d-9a23-b4954e6d9f2c
[37mDEBU[0m[2023-06-27T12:49:07.259288998+02:00] 'Keep alive' message received from GuiExecutionServer  [37mID[0m=b8c4e3fc-0fe6-439d-9a23-b4954e6d9f2c [37msubscribeToMessagesStreamResponse[0m="ProtoFileVersionUsedByClient:VERSION_0_2  IsKeepAliveMessage:true"
[37mDEBU[0m[2023-06-27T12:49:08.65484128+02:00] 'Keep alive' message received from GuiExecutionServer  [37mID[0m=b8c4e3fc-0fe6-439d-9a23-b4954e6d9f2c [37msubscribeToMessagesStreamResponse[0m="ProtoFileVersionUsedByClient:VERSION_0_2  IsKeepAliveMessage:true"
[37mDEBU[0m[2023-06-27T12:49:17.970084467+02:00] 'Keep alive' message received from GuiExecutionServer  [37mID[0m=b8c4e3fc-0fe6-439d-9a23-b4954e6d9f2c [37msubscribeToMessagesStreamResponse[0m="ProtoFileVersionUsedByClient:VERSION_0_2  IsKeepAliveMessage:true"
[37mDEBU[0m[2023-06-27T12:49:19.300570686+02:00] 'Keep alive' message received from GuiExecutionServer  [37msubscribeToMessagesStreamResponse[0m="ProtoFileVersionUsedByClient:VERSION_0_2  IsKeepAliveMessage:true" [37mID[0m=b8c4e3fc-0fe6-439d-9a23-b4954e6d9f2c
[37mDEBU[0m[2023-06-27T12:49:19.300845945+02:00] 'Keep alive' message received from GuiExecutionServer  [37mID[0m=b8c4e3fc-0fe6-439d-9a23-b4954e6d9f2c [37msubscribeToMessagesStreamResponse[0m="ProtoFileVersionUsedByClient:VERSION_0_2  IsKeepAliveMessage:true"
[37mDEBU[0m[2023-06-27T12:49:20.529407707+02:00] 'Keep alive' message received from GuiExecutionServer  [37msubscribeToMessagesStreamResponse[0m="ProtoFileVersionUsedByClient:VERSION_0_2  IsKeepAliveMessage:true" [37mID[0m=b8c4e3fc-0fe6-439d-9a23-b4954e6d9f2c
[37mDEBU[0m[2023-06-27T12:49:20.560139905+02:00] 'Keep alive' message received from GuiExecutionServer  [37mID[0m=b8c4e3fc-0fe6-439d-9a23-b4954e6d9f2c [37msubscribeToMessagesStreamResponse[0m="ProtoFileVersionUsedByClient:VERSION_0_2  IsKeepAliveMessage:true"
[37mDEBU[0m[2023-06-27T12:49:22.169284834+02:00] 'Keep alive' message received from GuiExecutionServer  [37msubscribeToMessagesStreamResponse[0m="ProtoFileVersionUsedByClient:VERSION_0_2  IsKeepAliveMessage:true" [37mID[0m=b8c4e3fc-0fe6-439d-9a23-b4954e6d9f2c
[37mDEBU[0m[2023-06-27T12:49:23.601982132+02:00] 'Keep alive' message received from GuiExecutionServer  [37msubscribeToMessagesStreamResponse[0m="ProtoFileVersionUsedByClient:VERSION_0_2  IsKeepAliveMessage:true" [37mID[0m=b8c4e3fc-0fe6-439d-9a23-b4954e6d9f2c
[37mDEBU[0m[2023-06-27T12:49:33.023920981+02:00] 'Keep alive' message received from GuiExecutionServer  [37mID[0m=b8c4e3fc-0fe6-439d-9a23-b4954e6d9f2c [37msubscribeToMessagesStreamResponse[0m="ProtoFileVersionUsedByClient:VERSION_0_2  IsKeepAliveMessage:true"
[37mDEBU[0m[2023-06-27T12:49:34.558571701+02:00] 'Keep alive' message received from GuiExecutionServer  [37mID[0m=b8c4e3fc-0fe6-439d-9a23-b4954e6d9f2c [37msubscribeToMessagesStreamResponse[0m="ProtoFileVersionUsedByClient:VERSION_0_2  IsKeepAliveMessage:true"
[37mDEBU[0m[2023-06-27T12:49:34.558827261+02:00] 'Keep alive' message received from GuiExecutionServer  [37mID[0m=b8c4e3fc-0fe6-439d-9a23-b4954e6d9f2c [37msubscribeToMessagesStreamResponse[0m="ProtoFileVersionUsedByClient:VERSION_0_2  IsKeepAliveMessage:true"
[37mDEBU[0m[2023-06-27T12:49:35.675910616+02:00] 'Keep alive' message received from GuiExecutionServer  [37mID[0m=b8c4e3fc-0fe6-439d-9a23-b4954e6d9f2c [37msubscribeToMessagesStreamResponse[0m="ProtoFileVersionUsedByClient:VERSION_0_2  IsKeepAliveMessage:true"
[37mDEBU[0m[2023-06-27T12:49:35.676229054+02:00] 'Keep alive' message received from GuiExecutionServer  [37msubscribeToMessagesStreamResponse[0m="ProtoFileVersionUsedByClient:VERSION_0_2  IsKeepAliveMessage:true" [37mID[0m=b8c4e3fc-0fe6-439d-9a23-b4954e6d9f2c
[37mDEBU[0m[2023-06-27T12:49:36.914936895+02:00] 'Keep alive' message received from GuiExecutionServer  [37mID[0m=b8c4e3fc-0fe6-439d-9a23-b4954e6d9f2c [37msubscribeToMessagesStreamResponse[0m="ProtoFileVersionUsedByClient:VERSION_0_2  IsKeepAliveMessage:true"
[37mDEBU[0m[2023-06-27T12:49:38.752482098+02:00] 'Keep alive' message received from GuiExecutionServer  [37mID[0m=b8c4e3fc-0fe6-439d-9a23-b4954e6d9f2c [37msubscribeToMessagesStreamResponse[0m="ProtoFileVersionUsedByClient:VERSION_0_2  IsKeepAliveMessage:true"
[37mDEBU[0m[2023-06-27T12:49:48.050270539+02:00] 'Keep alive' message received from GuiExecutionServer  [37mID[0m=b8c4e3fc-0fe6-439d-9a23-b4954e6d9f2c [37msubscribeToMessagesStreamResponse[0m="ProtoFileVersionUsedByClient:VERSION_0_2  IsKeepAliveMessage:true"
[37mDEBU[0m[2023-06-27T12:49:49.306317966+02:00] 'Keep alive' message received from GuiExecutionServer  [37msubscribeToMessagesStreamResponse[0m="ProtoFileVersionUsedByClient:VERSION_0_2  IsKeepAliveMessage:true" [37mID[0m=b8c4e3fc-0fe6-439d-9a23-b4954e6d9f2c
[37mDEBU[0m[2023-06-27T12:49:49.306537217+02:00] 'Keep alive' message received from GuiExecutionServer  [37mID[0m=b8c4e3fc-0fe6-439d-9a23-b4954e6d9f2c [37msubscribeToMessagesStreamResponse[0m="ProtoFileVersionUsedByClient:VERSION_0_2  IsKeepAliveMessage:true"
[37mDEBU[0m[2023-06-27T12:49:50.636893294+02:00] 'Keep alive' message received from GuiExecutionServer  [37msubscribeToMessagesStreamResponse[0m="ProtoFileVersionUsedByClient:VERSION_0_2  IsKeepAliveMessage:true" [37mID[0m=b8c4e3fc-0fe6-439d-9a23-b4954e6d9f2c
[37mDEBU[0m[2023-06-27T12:49:50.637216434+02:00] 'Keep alive' message received from GuiExecutionServer  [37msubscribeToMessagesStreamResponse[0m="ProtoFileVersionUsedByClient:VERSION_0_2  IsKeepAliveMessage:true" [37mID[0m=b8c4e3fc-0fe6-439d-9a23-b4954e6d9f2c
[37mDEBU[0m[2023-06-27T12:49:52.070568527+02:00] 'Keep alive' message received from GuiExecutionServer  [37mID[0m=b8c4e3fc-0fe6-439d-9a23-b4954e6d9f2c [37msubscribeToMessagesStreamResponse[0m="ProtoFileVersionUsedByClient:VERSION_0_2  IsKeepAliveMessage:true"
[37mDEBU[0m[2023-06-27T12:49:53.711892276+02:00] 'Keep alive' message received from GuiExecutionServer  [37mID[0m=b8c4e3fc-0fe6-439d-9a23-b4954e6d9f2c [37msubscribeToMessagesStreamResponse[0m="ProtoFileVersionUsedByClient:VERSION_0_2  IsKeepAliveMessage:true"
[36mINFO[0m[2023-06-27T12:49:55.483465586+02:00] Clean up and shut down servers                [36mId[0m=14dc7af0-5e46-4073-b920-8dffee7ca307
[36mINFO[0m[2023-06-27T12:49:55.483566483+02:00] Gracefully stop for: 'registerFenixUserGuiServer' 
[36mINFO[0m[2023-06-27T12:49:55.483885081+02:00] Close net.Listing                             [36mcommon_config.ApplicationGrpcPort: [0m=6668
